#-----------------------------------------------------------
# Vivado v2016.3 (64-bit)
# SW Build 1682563 on Mon Oct 10 19:07:27 MDT 2016
# IP Build 1681267 on Mon Oct 10 21:28:31 MDT 2016
# Start of session at: Mon Dec 26 16:31:14 2016
# Process ID: 17824
# Current directory: C:/Users/ZYZ/Desktop/CCCCC/Gluttonous Snake V2.0/V2.0
# Command line: vivado.exe -gui_launcher_event rodinguilauncherevent492 C:\Users\ZYZ\Desktop\CCCCC\Gluttonous Snake V2.0\V2.0\V2.0.xpr
# Log file: C:/Users/ZYZ/Desktop/CCCCC/Gluttonous Snake V2.0/V2.0/vivado.log
# Journal file: C:/Users/ZYZ/Desktop/CCCCC/Gluttonous Snake V2.0/V2.0\vivado.jou
#-----------------------------------------------------------
start_gui
open_project {C:/Users/ZYZ/Desktop/CCCCC/Gluttonous Snake V2.0/V2.0/V2.0.xpr}
Scanning sources...
Finished scanning sources
INFO: [IP_Flow 19-234] Refreshing IP repositories
INFO: [IP_Flow 19-1704] No user IP repositories specified
INFO: [IP_Flow 19-2313] Loaded Vivado IP repository 'D:/Xilinx/Vivado/2016.3/data/ip'.
open_project: Time (s): cpu = 00:00:12 ; elapsed = 00:00:13 . Memory (MB): peak = 789.078 ; gain = 138.188
reset_run synth_1
launch_runs synth_1
INFO: [HDL 9-2216] Analyzing Verilog file "C:/Users/ZYZ/Desktop/CCCCC/Gluttonous Snake V2.0/codes/Button_Scan.v" into library work [C:/Users/ZYZ/Desktop/CCCCC/Gluttonous Snake V2.0/codes/Button_Scan.v:1]
INFO: [HDL 9-2216] Analyzing Verilog file "C:/Users/ZYZ/Desktop/CCCCC/Gluttonous Snake V2.0/codes/Clock_divide.v" into library work [C:/Users/ZYZ/Desktop/CCCCC/Gluttonous Snake V2.0/codes/Clock_divide.v:1]
INFO: [HDL 9-2216] Analyzing Verilog file "C:/Users/ZYZ/Desktop/CCCCC/Gluttonous Snake V2.0/codes/Display.v" into library work [C:/Users/ZYZ/Desktop/CCCCC/Gluttonous Snake V2.0/codes/Display.v:1]
INFO: [HDL 9-2216] Analyzing Verilog file "C:/Users/ZYZ/Desktop/CCCCC/Gluttonous Snake V2.0/codes/EatingApple.v" into library work [C:/Users/ZYZ/Desktop/CCCCC/Gluttonous Snake V2.0/codes/EatingApple.v:1]
INFO: [HDL 9-2216] Analyzing Verilog file "C:/Users/ZYZ/Desktop/CCCCC/Gluttonous Snake V2.0/codes/Game_Control.v" into library work [C:/Users/ZYZ/Desktop/CCCCC/Gluttonous Snake V2.0/codes/Game_Control.v:1]
INFO: [HDL 9-2216] Analyzing Verilog file "C:/Users/ZYZ/Desktop/CCCCC/Gluttonous Snake V2.0/codes/Snake_Control.v" into library work [C:/Users/ZYZ/Desktop/CCCCC/Gluttonous Snake V2.0/codes/Snake_Control.v:1]
INFO: [HDL 9-2216] Analyzing Verilog file "C:/Users/ZYZ/Desktop/CCCCC/Gluttonous Snake V2.0/codes/Top.v" into library work [C:/Users/ZYZ/Desktop/CCCCC/Gluttonous Snake V2.0/codes/Top.v:1]
INFO: [HDL 9-2216] Analyzing Verilog file "C:/Users/ZYZ/Desktop/CCCCC/Gluttonous Snake V2.0/codes/vga_controller.v" into library work [C:/Users/ZYZ/Desktop/CCCCC/Gluttonous Snake V2.0/codes/vga_controller.v:1]
[Mon Dec 26 16:33:45 2016] Launched synth_1...
Run output will be captured here: C:/Users/ZYZ/Desktop/CCCCC/Gluttonous Snake V2.0/V2.0/V2.0.runs/synth_1/runme.log
launch_runs impl_1
[Mon Dec 26 16:36:06 2016] Launched impl_1...
Run output will be captured here: C:/Users/ZYZ/Desktop/CCCCC/Gluttonous Snake V2.0/V2.0/V2.0.runs/impl_1/runme.log
launch_runs impl_1 -to_step write_bitstream
[Mon Dec 26 16:38:35 2016] Launched impl_1...
Run output will be captured here: C:/Users/ZYZ/Desktop/CCCCC/Gluttonous Snake V2.0/V2.0/V2.0.runs/impl_1/runme.log
open_hw
connect_hw_server
INFO: [Labtools 27-2285] Connecting to hw_server url TCP:localhost:3121
INFO: [Labtools 27-2222] Launching hw_server...
INFO: [Labtools 27-2221] Launch Output:

****** Xilinx hw_server v2016.3
  **** Build date : Oct 10 2016-19:47:06
    ** Copyright 1986-2016 Xilinx, Inc. All Rights Reserved.


connect_hw_server: Time (s): cpu = 00:00:01 ; elapsed = 00:00:09 . Memory (MB): peak = 799.035 ; gain = 0.000
open_hw_target
INFO: [Labtoolstcl 44-466] Opening hw_target localhost:3121/xilinx_tcf/Digilent/210183794968A
current_hw_device [lindex [get_hw_devices xc7a35t_0] 0]
refresh_hw_device -update_hw_probes false [lindex [get_hw_devices xc7a35t_0] 0]
INFO: [Labtools 27-1434] Device xc7a35t (JTAG device index = 0) is programmed with a design that has no supported debug core(s) in it.
WARNING: [Labtools 27-3123] The debug hub core was not detected at User Scan Chain 1 or 3.
Resolution: 
1. Make sure the clock connected to the debug hub (dbg_hub) core is a free running clock and is active OR
2. Manually launch hw_server with -e "set xsdb-user-bscan <C_USER_SCAN_CHAIN scan_chain_number>" to detect the debug hub at User Scan Chain of 2 or 4. To determine the user scan chain setting, open the implemented design and use: get_property C_USER_SCAN_CHAIN [get_debug_cores dbg_hub].
create_hw_cfgmem -hw_device [lindex [get_hw_devices] 0] -mem_dev [lindex [get_cfgmem_parts {s25fl032p-spi-x1_x2_x4}] 0]
write_cfgmem  -format bin -size 2 -interface SPIx4 -loadbit "up 0x00000000 C:/Users/ZYZ/Desktop/CCCCC/Gluttonous Snake V2.0/V2.0/V2.0.runs/impl_1/Top.bit " -file "C:/Users/ZYZ/Desktop/CCCCC/Gluttonous Snake V2.0/V2.0/V2.0.runs/impl_1/Top.bin"
Command: write_cfgmem -format bin -size 2 -interface SPIx4 -loadbit {up 0x00000000 C:/Users/ZYZ/Desktop/CCCCC/Gluttonous Snake V2.0/V2.0/V2.0.runs/impl_1/Top.bit } -file {C:/Users/ZYZ/Desktop/CCCCC/Gluttonous Snake V2.0/V2.0/V2.0.runs/impl_1/Top.bin}
Creating config memory files...
ERROR: [Writecfgmem 68-5] Cannot overwrite file C:/Users/ZYZ/Desktop/CCCCC/Gluttonous Snake V2.0/V2.0/V2.0.runs/impl_1/Top.bin. Use "-force" flag.
0 Infos, 0 Warnings, 0 Critical Warnings and 1 Errors encountered.
write_cfgmem failed
ERROR: [Common 17-39] 'write_cfgmem' failed due to earlier errors.
delete_hw_cfgmem [ get_property PROGRAM.HW_CFGMEM [lindex [get_hw_devices] 0 ]]
create_hw_cfgmem -hw_device [lindex [get_hw_devices] 0] -mem_dev  [lindex [get_cfgmem_parts {s25fl032p-spi-x1_x2_x4}] 0]
set_property PROGRAM.BLANK_CHECK  0 [ get_property PROGRAM.HW_CFGMEM [lindex [get_hw_devices] 0 ]]
set_property PROGRAM.ERASE  1 [ get_property PROGRAM.HW_CFGMEM [lindex [get_hw_devices] 0 ]]
set_property PROGRAM.CFG_PROGRAM  1 [ get_property PROGRAM.HW_CFGMEM [lindex [get_hw_devices] 0 ]]
set_property PROGRAM.VERIFY  1 [ get_property PROGRAM.HW_CFGMEM [lindex [get_hw_devices] 0 ]]
set_property PROGRAM.CHECKSUM  0 [ get_property PROGRAM.HW_CFGMEM [lindex [get_hw_devices] 0 ]]
refresh_hw_device [lindex [get_hw_devices xc7a35t_0] 0]
INFO: [Labtools 27-1434] Device xc7a35t (JTAG device index = 0) is programmed with a design that has no supported debug core(s) in it.
WARNING: [Labtools 27-3123] The debug hub core was not detected at User Scan Chain 1 or 3.
Resolution: 
1. Make sure the clock connected to the debug hub (dbg_hub) core is a free running clock and is active OR
2. Manually launch hw_server with -e "set xsdb-user-bscan <C_USER_SCAN_CHAIN scan_chain_number>" to detect the debug hub at User Scan Chain of 2 or 4. To determine the user scan chain setting, open the implemented design and use: get_property C_USER_SCAN_CHAIN [get_debug_cores dbg_hub].
set_property PROGRAM.ADDRESS_RANGE  {use_file} [ get_property PROGRAM.HW_CFGMEM [lindex [get_hw_devices] 0 ]]
set_property PROGRAM.FILES [list "C:/Users/ZYZ/Desktop/CCCCC/Gluttonous Snake V2.0/V2.0/V2.0.runs/impl_1/Top.bin" ] [ get_property PROGRAM.HW_CFGMEM [lindex [get_hw_devices] 0]]
set_property PROGRAM.UNUSED_PIN_TERMINATION {pull-none} [ get_property PROGRAM.HW_CFGMEM [lindex [get_hw_devices] 0 ]]
set_property PROGRAM.BLANK_CHECK  0 [ get_property PROGRAM.HW_CFGMEM [lindex [get_hw_devices] 0 ]]
set_property PROGRAM.ERASE  1 [ get_property PROGRAM.HW_CFGMEM [lindex [get_hw_devices] 0 ]]
set_property PROGRAM.CFG_PROGRAM  1 [ get_property PROGRAM.HW_CFGMEM [lindex [get_hw_devices] 0 ]]
set_property PROGRAM.VERIFY  1 [ get_property PROGRAM.HW_CFGMEM [lindex [get_hw_devices] 0 ]]
set_property PROGRAM.CHECKSUM  0 [ get_property PROGRAM.HW_CFGMEM [lindex [get_hw_devices] 0 ]]
startgroup 
if {![string equal [get_property PROGRAM.HW_CFGMEM_TYPE  [lindex [get_hw_devices] 0]] [get_property MEM_TYPE [get_property CFGMEM_PART [get_property PROGRAM.HW_CFGMEM [lindex [get_hw_devices] 0 ]]]]] }  { create_hw_bitstream -hw_device [lindex [get_hw_devices] 0] [get_property PROGRAM.HW_CFGMEM_BITFILE [ lindex [get_hw_devices] 0]]; program_hw_devices [lindex [get_hw_devices] 0]; }; 
INFO: [Labtools 27-3164] End of startup status: HIGH
program_hw_cfgmem -hw_cfgmem [get_property PROGRAM.HW_CFGMEM [lindex [get_hw_devices] 0 ]]
Mfg ID : 1   Memory Type : 2   Memory Capacity : 15   Device ID 1 : 0   Device ID 2 : 0
Performing Erase Operation...
Erase Operation successful.
Performing Program and Verify Operations...
Program/Verify Operation successful.
INFO: [Labtoolstcl 44-377] Flash programming completed successfully
program_hw_cfgmem: Time (s): cpu = 00:00:02 ; elapsed = 00:04:49 . Memory (MB): peak = 911.660 ; gain = 0.000
endgroup
set_property PROBES.FILE {} [lindex [get_hw_devices xc7a35t_0] 0]
set_property PROGRAM.FILE {C:/Users/ZYZ/Desktop/CCCCC/Gluttonous Snake V2.0/V2.0/V2.0.runs/impl_1/Top.bit} [lindex [get_hw_devices xc7a35t_0] 0]
program_hw_devices [lindex [get_hw_devices xc7a35t_0] 0]
INFO: [Labtools 27-3164] End of startup status: HIGH
refresh_hw_device [lindex [get_hw_devices xc7a35t_0] 0]
INFO: [Labtools 27-1434] Device xc7a35t (JTAG device index = 0) is programmed with a design that has no supported debug core(s) in it.
WARNING: [Labtools 27-3123] The debug hub core was not detected at User Scan Chain 1 or 3.
Resolution: 
1. Make sure the clock connected to the debug hub (dbg_hub) core is a free running clock and is active OR
2. Manually launch hw_server with -e "set xsdb-user-bscan <C_USER_SCAN_CHAIN scan_chain_number>" to detect the debug hub at User Scan Chain of 2 or 4. To determine the user scan chain setting, open the implemented design and use: get_property C_USER_SCAN_CHAIN [get_debug_cores dbg_hub].
ERROR: [Labtools 27-2269] No devices detected on target localhost:3121/xilinx_tcf/Digilent/210183794968A.
Check cable connectivity and that the target board is powered up then
use the disconnect_hw_server and connect_hw_server to re-register this hardware target.
ERROR: [Labtoolstcl 44-513] HW Target shutdown. Closing target: localhost:3121/xilinx_tcf/Digilent/210183794968A
INFO: [Labtoolstcl 44-466] Opening hw_target localhost:3121/xilinx_tcf/Digilent/210183794968A
INFO: [Labtools 27-1434] Device xc7a35t (JTAG device index = 0) is programmed with a design that has no supported debug core(s) in it.
WARNING: [Labtools 27-3123] The debug hub core was not detected at User Scan Chain 1 or 3.
Resolution: 
1. Make sure the clock connected to the debug hub (dbg_hub) core is a free running clock and is active OR
2. Manually launch hw_server with -e "set xsdb-user-bscan <C_USER_SCAN_CHAIN scan_chain_number>" to detect the debug hub at User Scan Chain of 2 or 4. To determine the user scan chain setting, open the implemented design and use: get_property C_USER_SCAN_CHAIN [get_debug_cores dbg_hub].
ERROR: [Labtools 27-2269] No devices detected on target localhost:3121/xilinx_tcf/Digilent/210183794968A.
Check cable connectivity and that the target board is powered up then
use the disconnect_hw_server and connect_hw_server to re-register this hardware target.
ERROR: [Labtoolstcl 44-513] HW Target shutdown. Closing target: localhost:3121/xilinx_tcf/Digilent/210183794968A
INFO: [Labtoolstcl 44-466] Opening hw_target localhost:3121/xilinx_tcf/Digilent/210183794968A
INFO: [Labtools 27-1434] Device xc7a35t (JTAG device index = 0) is programmed with a design that has no supported debug core(s) in it.
WARNING: [Labtools 27-3123] The debug hub core was not detected at User Scan Chain 1 or 3.
Resolution: 
1. Make sure the clock connected to the debug hub (dbg_hub) core is a free running clock and is active OR
2. Manually launch hw_server with -e "set xsdb-user-bscan <C_USER_SCAN_CHAIN scan_chain_number>" to detect the debug hub at User Scan Chain of 2 or 4. To determine the user scan chain setting, open the implemented design and use: get_property C_USER_SCAN_CHAIN [get_debug_cores dbg_hub].
exit
INFO: [Common 17-206] Exiting Vivado at Mon Dec 26 16:52:26 2016...
