#-----------------------------------------------------------
# Vivado v2016.3 (64-bit)
# SW Build 1682563 on Mon Oct 10 19:07:27 MDT 2016
# IP Build 1681267 on Mon Oct 10 21:28:31 MDT 2016
# Start of session at: Mon Dec 26 15:40:21 2016
# Process ID: 7388
# Current directory: C:/Users/ZYZ/Desktop/CCCCC/Gluttonous Snake/Gluttonous Snake
# Command line: vivado.exe -gui_launcher_event rodinguilauncherevent16428 C:\Users\ZYZ\Desktop\CCCCC\Gluttonous Snake\Gluttonous Snake\Gluttonous Snake.xpr
# Log file: C:/Users/ZYZ/Desktop/CCCCC/Gluttonous Snake/Gluttonous Snake/vivado.log
# Journal file: C:/Users/ZYZ/Desktop/CCCCC/Gluttonous Snake/Gluttonous Snake\vivado.jou
#-----------------------------------------------------------
start_gui
open_project {C:/Users/ZYZ/Desktop/CCCCC/Gluttonous Snake/Gluttonous Snake/Gluttonous Snake.xpr}
Scanning sources...
Finished scanning sources
INFO: [IP_Flow 19-234] Refreshing IP repositories
INFO: [IP_Flow 19-1704] No user IP repositories specified
INFO: [IP_Flow 19-2313] Loaded Vivado IP repository 'D:/Xilinx/Vivado/2016.3/data/ip'.
open_project: Time (s): cpu = 00:00:12 ; elapsed = 00:00:13 . Memory (MB): peak = 720.582 ; gain = 123.781
open_hw
connect_hw_server
INFO: [Labtools 27-2285] Connecting to hw_server url TCP:localhost:3121
INFO: [Labtools 27-2222] Launching hw_server...
INFO: [Labtools 27-2221] Launch Output:

****** Xilinx hw_server v2016.3
  **** Build date : Oct 10 2016-19:47:06
    ** Copyright 1986-2016 Xilinx, Inc. All Rights Reserved.


open_hw_target
INFO: [Labtoolstcl 44-466] Opening hw_target localhost:3121/xilinx_tcf/Digilent/210183794968A
set_property PROGRAM.FILE {C:/Users/ZYZ/Desktop/CCCCC/Gluttonous Snake/Gluttonous Snake/Gluttonous Snake.runs/impl_1/Top.bit} [lindex [get_hw_devices xc7a35t_0] 0]
current_hw_device [lindex [get_hw_devices xc7a35t_0] 0]
refresh_hw_device -update_hw_probes false [lindex [get_hw_devices xc7a35t_0] 0]
INFO: [Labtools 27-1434] Device xc7a35t (JTAG device index = 0) is programmed with a design that has no supported debug core(s) in it.
WARNING: [Labtools 27-3123] The debug hub core was not detected at User Scan Chain 1 or 3.
Resolution: 
1. Make sure the clock connected to the debug hub (dbg_hub) core is a free running clock and is active OR
2. Manually launch hw_server with -e "set xsdb-user-bscan <C_USER_SCAN_CHAIN scan_chain_number>" to detect the debug hub at User Scan Chain of 2 or 4. To determine the user scan chain setting, open the implemented design and use: get_property C_USER_SCAN_CHAIN [get_debug_cores dbg_hub].
create_hw_cfgmem -hw_device [lindex [get_hw_devices] 0] -mem_dev [lindex [get_cfgmem_parts {s25fl032p-spi-x1_x2_x4}] 0]
delete_hw_cfgmem [ get_property PROGRAM.HW_CFGMEM [lindex [get_hw_devices] 0 ]]
ERROR: [Labtools 27-2269] No devices detected on target localhost:3121/xilinx_tcf/Digilent/210183794968A.
Check cable connectivity and that the target board is powered up then
use the disconnect_hw_server and connect_hw_server to re-register this hardware target.
ERROR: [Labtoolstcl 44-513] HW Target shutdown. Closing target: localhost:3121/xilinx_tcf/Digilent/210183794968A
INFO: [Labtoolstcl 44-466] Opening hw_target localhost:3121/xilinx_tcf/Digilent/210183794968A
INFO: [Labtools 27-1434] Device xc7a35t (JTAG device index = 0) is programmed with a design that has no supported debug core(s) in it.
WARNING: [Labtools 27-3123] The debug hub core was not detected at User Scan Chain 1 or 3.
Resolution: 
1. Make sure the clock connected to the debug hub (dbg_hub) core is a free running clock and is active OR
2. Manually launch hw_server with -e "set xsdb-user-bscan <C_USER_SCAN_CHAIN scan_chain_number>" to detect the debug hub at User Scan Chain of 2 or 4. To determine the user scan chain setting, open the implemented design and use: get_property C_USER_SCAN_CHAIN [get_debug_cores dbg_hub].
delete_hw_cfgmem [ get_property PROGRAM.HW_CFGMEM [lindex [get_hw_devices] 0 ]]
synth_design -rtl -name rtl_1
Command: synth_design -rtl -name rtl_1
Starting synth_design
Using part: xc7a35ticpg236-1L
Top: Top
---------------------------------------------------------------------------------
Starting RTL Elaboration : Time (s): cpu = 00:01:17 ; elapsed = 00:02:22 . Memory (MB): peak = 860.191 ; gain = 650.016
---------------------------------------------------------------------------------
INFO: [Synth 8-638] synthesizing module 'Top' [C:/Users/ZYZ/Desktop/CCCCC/Gluttonous Snake/Gluttonous Snake/codes/Top.v:23]
INFO: [Synth 8-638] synthesizing module 'Clock_divide' [C:/Users/ZYZ/Desktop/CCCCC/Gluttonous Snake/Gluttonous Snake/codes/Clock_divide.v:23]
INFO: [Synth 8-256] done synthesizing module 'Clock_divide' (1#1) [C:/Users/ZYZ/Desktop/CCCCC/Gluttonous Snake/Gluttonous Snake/codes/Clock_divide.v:23]
INFO: [Synth 8-638] synthesizing module 'Button_Scaning' [C:/Users/ZYZ/Desktop/CCCCC/Gluttonous Snake/Gluttonous Snake/codes/Button_Scan.v:21]
INFO: [Synth 8-256] done synthesizing module 'Button_Scaning' (2#1) [C:/Users/ZYZ/Desktop/CCCCC/Gluttonous Snake/Gluttonous Snake/codes/Button_Scan.v:21]
INFO: [Synth 8-638] synthesizing module 'Game_Control' [C:/Users/ZYZ/Desktop/CCCCC/Gluttonous Snake/Gluttonous Snake/codes/Game_Control.v:23]
INFO: [Synth 8-256] done synthesizing module 'Game_Control' (3#1) [C:/Users/ZYZ/Desktop/CCCCC/Gluttonous Snake/Gluttonous Snake/codes/Game_Control.v:23]
INFO: [Synth 8-638] synthesizing module 'Display' [C:/Users/ZYZ/Desktop/CCCCC/Gluttonous Snake/Gluttonous Snake/codes/Display.v:23]
WARNING: [Synth 8-567] referenced signal 'y_pos' should be on the sensitivity list [C:/Users/ZYZ/Desktop/CCCCC/Gluttonous Snake/Gluttonous Snake/codes/Display.v:130]
WARNING: [Synth 8-567] referenced signal 'apple_y' should be on the sensitivity list [C:/Users/ZYZ/Desktop/CCCCC/Gluttonous Snake/Gluttonous Snake/codes/Display.v:130]
WARNING: [Synth 8-567] referenced signal 'apple_x' should be on the sensitivity list [C:/Users/ZYZ/Desktop/CCCCC/Gluttonous Snake/Gluttonous Snake/codes/Display.v:130]
WARNING: [Synth 8-567] referenced signal 'node_cube_y' should be on the sensitivity list [C:/Users/ZYZ/Desktop/CCCCC/Gluttonous Snake/Gluttonous Snake/codes/Display.v:130]
WARNING: [Synth 8-567] referenced signal 'score' should be on the sensitivity list [C:/Users/ZYZ/Desktop/CCCCC/Gluttonous Snake/Gluttonous Snake/codes/Display.v:130]
WARNING: [Synth 8-567] referenced signal 'node_cube_x' should be on the sensitivity list [C:/Users/ZYZ/Desktop/CCCCC/Gluttonous Snake/Gluttonous Snake/codes/Display.v:130]
INFO: [Synth 8-256] done synthesizing module 'Display' (4#1) [C:/Users/ZYZ/Desktop/CCCCC/Gluttonous Snake/Gluttonous Snake/codes/Display.v:23]
WARNING: [Synth 8-689] width (80) of port connection 'Line_VRAM' does not match port width (40) of module 'Display' [C:/Users/ZYZ/Desktop/CCCCC/Gluttonous Snake/Gluttonous Snake/codes/Top.v:97]
WARNING: [Synth 8-689] width (2) of port connection 'an' does not match port width (4) of module 'Display' [C:/Users/ZYZ/Desktop/CCCCC/Gluttonous Snake/Gluttonous Snake/codes/Top.v:99]
INFO: [Synth 8-638] synthesizing module 'vga_controller' [C:/Users/ZYZ/Desktop/CCCCC/Gluttonous Snake/Gluttonous Snake/codes/vga_controller.v:24]
	Parameter PAL bound to: 640 - type: integer 
	Parameter LAF bound to: 480 - type: integer 
	Parameter PLD bound to: 800 - type: integer 
	Parameter LFD bound to: 521 - type: integer 
	Parameter HPW bound to: 96 - type: integer 
	Parameter HFP bound to: 16 - type: integer 
	Parameter HBP bound to: 48 - type: integer 
	Parameter VPW bound to: 2 - type: integer 
	Parameter VFP bound to: 10 - type: integer 
	Parameter VBP bound to: 29 - type: integer 
WARNING: [Synth 8-151] case item 32'b00000000000000000000000000000000 is unreachable [C:/Users/ZYZ/Desktop/CCCCC/Gluttonous Snake/Gluttonous Snake/codes/vga_controller.v:187]
WARNING: [Synth 8-567] referenced signal 'VRAM' should be on the sensitivity list [C:/Users/ZYZ/Desktop/CCCCC/Gluttonous Snake/Gluttonous Snake/codes/vga_controller.v:186]
WARNING: [Synth 8-567] referenced signal 'y_pos' should be on the sensitivity list [C:/Users/ZYZ/Desktop/CCCCC/Gluttonous Snake/Gluttonous Snake/codes/vga_controller.v:186]
INFO: [Synth 8-226] default block is never used [C:/Users/ZYZ/Desktop/CCCCC/Gluttonous Snake/Gluttonous Snake/codes/vga_controller.v:235]
INFO: [Synth 8-256] done synthesizing module 'vga_controller' (5#1) [C:/Users/ZYZ/Desktop/CCCCC/Gluttonous Snake/Gluttonous Snake/codes/vga_controller.v:24]
WARNING: [Synth 8-689] width (80) of port connection 'VRAM' does not match port width (40) of module 'vga_controller' [C:/Users/ZYZ/Desktop/CCCCC/Gluttonous Snake/Gluttonous Snake/codes/Top.v:105]
INFO: [Synth 8-638] synthesizing module 'Snake_Control' [C:/Users/ZYZ/Desktop/CCCCC/Gluttonous Snake/Gluttonous Snake/codes/Snake_Control.v:22]
	Parameter UP bound to: 0 - type: integer 
	Parameter DOWN bound to: 1 - type: integer 
	Parameter LEFT bound to: 2 - type: integer 
	Parameter RIGHT bound to: 3 - type: integer 
INFO: [Synth 8-226] default block is never used [C:/Users/ZYZ/Desktop/CCCCC/Gluttonous Snake/Gluttonous Snake/codes/Snake_Control.v:62]
INFO: [Synth 8-256] done synthesizing module 'Snake_Control' (6#1) [C:/Users/ZYZ/Desktop/CCCCC/Gluttonous Snake/Gluttonous Snake/codes/Snake_Control.v:22]
INFO: [Synth 8-638] synthesizing module 'Eating_Apple' [C:/Users/ZYZ/Desktop/CCCCC/Gluttonous Snake/Gluttonous Snake/codes/EatingApple.v:22]
INFO: [Synth 8-256] done synthesizing module 'Eating_Apple' (7#1) [C:/Users/ZYZ/Desktop/CCCCC/Gluttonous Snake/Gluttonous Snake/codes/EatingApple.v:22]
INFO: [Synth 8-256] done synthesizing module 'Top' (8#1) [C:/Users/ZYZ/Desktop/CCCCC/Gluttonous Snake/Gluttonous Snake/codes/Top.v:23]
WARNING: [Synth 8-3331] design Snake_Control has unconnected port apple_x[5]
WARNING: [Synth 8-3331] design Snake_Control has unconnected port apple_x[4]
WARNING: [Synth 8-3331] design Snake_Control has unconnected port apple_x[3]
WARNING: [Synth 8-3331] design Snake_Control has unconnected port apple_x[2]
WARNING: [Synth 8-3331] design Snake_Control has unconnected port apple_x[1]
WARNING: [Synth 8-3331] design Snake_Control has unconnected port apple_x[0]
WARNING: [Synth 8-3331] design Snake_Control has unconnected port apple_y[5]
WARNING: [Synth 8-3331] design Snake_Control has unconnected port apple_y[4]
WARNING: [Synth 8-3331] design Snake_Control has unconnected port apple_y[3]
WARNING: [Synth 8-3331] design Snake_Control has unconnected port apple_y[2]
WARNING: [Synth 8-3331] design Snake_Control has unconnected port apple_y[1]
WARNING: [Synth 8-3331] design Snake_Control has unconnected port apple_y[0]
WARNING: [Synth 8-3331] design vga_controller has unconnected port rst_n
WARNING: [Synth 8-3331] design vga_controller has unconnected port VRAM[39]
WARNING: [Synth 8-3331] design vga_controller has unconnected port VRAM[0]
---------------------------------------------------------------------------------
Finished RTL Elaboration : Time (s): cpu = 00:01:18 ; elapsed = 00:02:23 . Memory (MB): peak = 893.418 ; gain = 683.242
---------------------------------------------------------------------------------

Report Check Netlist: 
+------+------------------+-------+---------+-------+------------------+
|      |Item              |Errors |Warnings |Status |Description       |
+------+------------------+-------+---------+-------+------------------+
|1     |multi_driven_nets |      0|        0|Passed |Multi driven nets |
+------+------------------+-------+---------+-------+------------------+
---------------------------------------------------------------------------------
Finished RTL Optimization Phase 1 : Time (s): cpu = 00:01:19 ; elapsed = 00:02:23 . Memory (MB): peak = 893.418 ; gain = 683.242
---------------------------------------------------------------------------------
INFO: [Device 21-403] Loading part xc7a35ticpg236-1L
INFO: [Project 1-570] Preparing netlist for logic optimization

Processing XDC Constraints
Initializing timing engine
Parsing XDC File [C:/Users/ZYZ/Desktop/CCCCC/Gluttonous Snake/Gluttonous Snake/Gluttonous Snake.srcs/constrs_2/new/Glu_Snake.xdc]
Finished Parsing XDC File [C:/Users/ZYZ/Desktop/CCCCC/Gluttonous Snake/Gluttonous Snake/Gluttonous Snake.srcs/constrs_2/new/Glu_Snake.xdc]
Completed Processing XDC Constraints

INFO: [Opt 31-138] Pushed 0 inverter(s) to 0 load pin(s).
INFO: [Project 1-111] Unisim Transformation Summary:
No Unisim elements were transformed.

RTL Elaboration Complete:  : Time (s): cpu = 00:01:36 ; elapsed = 00:02:37 . Memory (MB): peak = 1189.664 ; gain = 979.488
22 Infos, 27 Warnings, 0 Critical Warnings and 0 Errors encountered.
synth_design completed successfully
synth_design: Time (s): cpu = 00:00:25 ; elapsed = 00:00:21 . Memory (MB): peak = 1189.664 ; gain = 363.434
close_design
open_run synth_1 -name synth_1
Design is defaulting to impl run constrset: constrs_2
Design is defaulting to synth run part: xc7a35ticpg236-1L
INFO: [Netlist 29-17] Analyzing 37 Unisim elements for replacement
INFO: [Netlist 29-28] Unisim Transformation completed in 1 CPU seconds
INFO: [Project 1-479] Netlist was created with Vivado 2016.3
INFO: [Project 1-570] Preparing netlist for logic optimization
Parsing XDC File [C:/Users/ZYZ/Desktop/CCCCC/Gluttonous Snake/Gluttonous Snake/Gluttonous Snake.srcs/constrs_2/new/Glu_Snake.xdc]
Finished Parsing XDC File [C:/Users/ZYZ/Desktop/CCCCC/Gluttonous Snake/Gluttonous Snake/Gluttonous Snake.srcs/constrs_2/new/Glu_Snake.xdc]
INFO: [Opt 31-138] Pushed 0 inverter(s) to 0 load pin(s).
INFO: [Project 1-111] Unisim Transformation Summary:
  A total of 1 instances were transformed.
  LDCP => LDCP (GND, LUT3, LUT3, LDCE, VCC): 1 instances

open_run: Time (s): cpu = 00:00:11 ; elapsed = 00:00:05 . Memory (MB): peak = 1189.664 ; gain = 0.000
reset_run synth_1
launch_runs synth_1
INFO: [HDL 9-2216] Analyzing Verilog file "C:/Users/ZYZ/Desktop/CCCCC/Gluttonous Snake/Gluttonous Snake/codes/Button_Scan.v" into library work [C:/Users/ZYZ/Desktop/CCCCC/Gluttonous Snake/Gluttonous Snake/codes/Button_Scan.v:1]
INFO: [HDL 9-2216] Analyzing Verilog file "C:/Users/ZYZ/Desktop/CCCCC/Gluttonous Snake/Gluttonous Snake/codes/Clock_divide.v" into library work [C:/Users/ZYZ/Desktop/CCCCC/Gluttonous Snake/Gluttonous Snake/codes/Clock_divide.v:1]
INFO: [HDL 9-2216] Analyzing Verilog file "C:/Users/ZYZ/Desktop/CCCCC/Gluttonous Snake/Gluttonous Snake/codes/Display.v" into library work [C:/Users/ZYZ/Desktop/CCCCC/Gluttonous Snake/Gluttonous Snake/codes/Display.v:1]
INFO: [HDL 9-2216] Analyzing Verilog file "C:/Users/ZYZ/Desktop/CCCCC/Gluttonous Snake/Gluttonous Snake/codes/EatingApple.v" into library work [C:/Users/ZYZ/Desktop/CCCCC/Gluttonous Snake/Gluttonous Snake/codes/EatingApple.v:1]
INFO: [HDL 9-2216] Analyzing Verilog file "C:/Users/ZYZ/Desktop/CCCCC/Gluttonous Snake/Gluttonous Snake/codes/Game_Control.v" into library work [C:/Users/ZYZ/Desktop/CCCCC/Gluttonous Snake/Gluttonous Snake/codes/Game_Control.v:1]
INFO: [HDL 9-2216] Analyzing Verilog file "C:/Users/ZYZ/Desktop/CCCCC/Gluttonous Snake/Gluttonous Snake/codes/Snake_Control.v" into library work [C:/Users/ZYZ/Desktop/CCCCC/Gluttonous Snake/Gluttonous Snake/codes/Snake_Control.v:1]
INFO: [HDL 9-2216] Analyzing Verilog file "C:/Users/ZYZ/Desktop/CCCCC/Gluttonous Snake/Gluttonous Snake/codes/Top.v" into library work [C:/Users/ZYZ/Desktop/CCCCC/Gluttonous Snake/Gluttonous Snake/codes/Top.v:1]
INFO: [HDL 9-2216] Analyzing Verilog file "C:/Users/ZYZ/Desktop/CCCCC/Gluttonous Snake/Gluttonous Snake/codes/vga_controller.v" into library work [C:/Users/ZYZ/Desktop/CCCCC/Gluttonous Snake/Gluttonous Snake/codes/vga_controller.v:1]
[Mon Dec 26 15:44:07 2016] Launched synth_1...
Run output will be captured here: C:/Users/ZYZ/Desktop/CCCCC/Gluttonous Snake/Gluttonous Snake/Gluttonous Snake.runs/synth_1/runme.log
refresh_hw_sysmon  [get_hw_sysmons localhost:3121/xilinx_tcf/Digilent/210183794968A/xc7a35t_0/SYSMON]
ERROR: [Labtoolstcl 44-513] HW Target shutdown. Closing target: localhost:3121/xilinx_tcf/Digilent/210183794968A
INFO: [Labtoolstcl 44-466] Opening hw_target localhost:3121/xilinx_tcf/Digilent/210183794968A
INFO: [Labtools 27-1434] Device xc7a35t (JTAG device index = 0) is programmed with a design that has no supported debug core(s) in it.
WARNING: [Labtools 27-3123] The debug hub core was not detected at User Scan Chain 1 or 3.
Resolution: 
1. Make sure the clock connected to the debug hub (dbg_hub) core is a free running clock and is active OR
2. Manually launch hw_server with -e "set xsdb-user-bscan <C_USER_SCAN_CHAIN scan_chain_number>" to detect the debug hub at User Scan Chain of 2 or 4. To determine the user scan chain setting, open the implemented design and use: get_property C_USER_SCAN_CHAIN [get_debug_cores dbg_hub].
delete_hw_cfgmem [ get_property PROGRAM.HW_CFGMEM [lindex [get_hw_devices] 0 ]]
launch_runs impl_1
WARNING: [Project 1-478] Design 'synth_1' is stale and will not be used when launching 'impl_1'
[Mon Dec 26 15:48:39 2016] Launched impl_1...
Run output will be captured here: C:/Users/ZYZ/Desktop/CCCCC/Gluttonous Snake/Gluttonous Snake/Gluttonous Snake.runs/impl_1/runme.log
launch_runs impl_1 -to_step write_bitstream
[Mon Dec 26 15:51:54 2016] Launched impl_1...
Run output will be captured here: C:/Users/ZYZ/Desktop/CCCCC/Gluttonous Snake/Gluttonous Snake/Gluttonous Snake.runs/impl_1/runme.log
write_cfgmem  -format bin -size 2 -interface SPIx4 -loadbit "up 0x00000000 C:/Users/ZYZ/Desktop/CCCCC/Gluttonous Snake V2.0/V2.0/V2.0.runs/impl_1/Top.bit " -file "C:/Users/ZYZ/Desktop/CCCCC/Gluttonous Snake V2.0/V2.0/V2.0.runs/impl_1/Top.bin"
Command: write_cfgmem -format bin -size 2 -interface SPIx4 -loadbit {up 0x00000000 C:/Users/ZYZ/Desktop/CCCCC/Gluttonous Snake V2.0/V2.0/V2.0.runs/impl_1/Top.bit } -file {C:/Users/ZYZ/Desktop/CCCCC/Gluttonous Snake V2.0/V2.0/V2.0.runs/impl_1/Top.bin}
Creating config memory files...
ERROR: [Writecfgmem 68-5] Cannot overwrite file C:/Users/ZYZ/Desktop/CCCCC/Gluttonous Snake V2.0/V2.0/V2.0.runs/impl_1/Top.bin. Use "-force" flag.
0 Infos, 0 Warnings, 0 Critical Warnings and 1 Errors encountered.
write_cfgmem failed
ERROR: [Common 17-39] 'write_cfgmem' failed due to earlier errors.
create_hw_cfgmem -hw_device [lindex [get_hw_devices] 0] -mem_dev  [lindex [get_cfgmem_parts {s25fl032p-spi-x1_x2_x4}] 0]
set_property PROGRAM.BLANK_CHECK  0 [ get_property PROGRAM.HW_CFGMEM [lindex [get_hw_devices] 0 ]]
set_property PROGRAM.ERASE  1 [ get_property PROGRAM.HW_CFGMEM [lindex [get_hw_devices] 0 ]]
set_property PROGRAM.CFG_PROGRAM  1 [ get_property PROGRAM.HW_CFGMEM [lindex [get_hw_devices] 0 ]]
set_property PROGRAM.VERIFY  1 [ get_property PROGRAM.HW_CFGMEM [lindex [get_hw_devices] 0 ]]
set_property PROGRAM.CHECKSUM  0 [ get_property PROGRAM.HW_CFGMEM [lindex [get_hw_devices] 0 ]]
refresh_hw_device [lindex [get_hw_devices xc7a35t_0] 0]
INFO: [Labtools 27-1434] Device xc7a35t (JTAG device index = 0) is programmed with a design that has no supported debug core(s) in it.
WARNING: [Labtools 27-3123] The debug hub core was not detected at User Scan Chain 1 or 3.
Resolution: 
1. Make sure the clock connected to the debug hub (dbg_hub) core is a free running clock and is active OR
2. Manually launch hw_server with -e "set xsdb-user-bscan <C_USER_SCAN_CHAIN scan_chain_number>" to detect the debug hub at User Scan Chain of 2 or 4. To determine the user scan chain setting, open the implemented design and use: get_property C_USER_SCAN_CHAIN [get_debug_cores dbg_hub].
set_property PROGRAM.ADDRESS_RANGE  {use_file} [ get_property PROGRAM.HW_CFGMEM [lindex [get_hw_devices] 0 ]]
set_property PROGRAM.FILES [list "C:/Users/ZYZ/Desktop/CCCCC/Gluttonous Snake/Gluttonous Snake/Gluttonous Snake.runs/impl_1/Top.bin" ] [ get_property PROGRAM.HW_CFGMEM [lindex [get_hw_devices] 0]]
set_property PROGRAM.UNUSED_PIN_TERMINATION {pull-none} [ get_property PROGRAM.HW_CFGMEM [lindex [get_hw_devices] 0 ]]
set_property PROGRAM.BLANK_CHECK  0 [ get_property PROGRAM.HW_CFGMEM [lindex [get_hw_devices] 0 ]]
set_property PROGRAM.ERASE  1 [ get_property PROGRAM.HW_CFGMEM [lindex [get_hw_devices] 0 ]]
set_property PROGRAM.CFG_PROGRAM  1 [ get_property PROGRAM.HW_CFGMEM [lindex [get_hw_devices] 0 ]]
set_property PROGRAM.VERIFY  1 [ get_property PROGRAM.HW_CFGMEM [lindex [get_hw_devices] 0 ]]
set_property PROGRAM.CHECKSUM  0 [ get_property PROGRAM.HW_CFGMEM [lindex [get_hw_devices] 0 ]]
startgroup 
if {![string equal [get_property PROGRAM.HW_CFGMEM_TYPE  [lindex [get_hw_devices] 0]] [get_property MEM_TYPE [get_property CFGMEM_PART [get_property PROGRAM.HW_CFGMEM [lindex [get_hw_devices] 0 ]]]]] }  { create_hw_bitstream -hw_device [lindex [get_hw_devices] 0] [get_property PROGRAM.HW_CFGMEM_BITFILE [ lindex [get_hw_devices] 0]]; program_hw_devices [lindex [get_hw_devices] 0]; }; 
INFO: [Labtools 27-3164] End of startup status: HIGH
program_hw_cfgmem -hw_cfgmem [get_property PROGRAM.HW_CFGMEM [lindex [get_hw_devices] 0 ]]
Mfg ID : 1   Memory Type : 2   Memory Capacity : 15   Device ID 1 : 0   Device ID 2 : 0
Performing Erase Operation...
Erase Operation successful.
Performing Program and Verify Operations...
Program/Verify Operation successful.
INFO: [Labtoolstcl 44-377] Flash programming completed successfully
program_hw_cfgmem: Time (s): cpu = 00:00:02 ; elapsed = 00:03:43 . Memory (MB): peak = 1614.023 ; gain = 0.000
endgroup
reset_run impl_1 -prev_step 
launch_runs impl_1 -to_step write_bitstream
[Mon Dec 26 16:07:13 2016] Launched impl_1...
Run output will be captured here: C:/Users/ZYZ/Desktop/CCCCC/Gluttonous Snake/Gluttonous Snake/Gluttonous Snake.runs/impl_1/runme.log
set_property PROBES.FILE {} [lindex [get_hw_devices xc7a35t_0] 0]
set_property PROGRAM.FILE {C:/Users/ZYZ/Desktop/CCCCC/Gluttonous Snake V2.0/V2.0/V2.0.runs/impl_1/Top.bit} [lindex [get_hw_devices xc7a35t_0] 0]
program_hw_devices [lindex [get_hw_devices xc7a35t_0] 0]
INFO: [Labtools 27-3164] End of startup status: HIGH
refresh_hw_device [lindex [get_hw_devices xc7a35t_0] 0]
INFO: [Labtools 27-1434] Device xc7a35t (JTAG device index = 0) is programmed with a design that has no supported debug core(s) in it.
WARNING: [Labtools 27-3123] The debug hub core was not detected at User Scan Chain 1 or 3.
Resolution: 
1. Make sure the clock connected to the debug hub (dbg_hub) core is a free running clock and is active OR
2. Manually launch hw_server with -e "set xsdb-user-bscan <C_USER_SCAN_CHAIN scan_chain_number>" to detect the debug hub at User Scan Chain of 2 or 4. To determine the user scan chain setting, open the implemented design and use: get_property C_USER_SCAN_CHAIN [get_debug_cores dbg_hub].
ERROR: [Labtools 27-2269] No devices detected on target localhost:3121/xilinx_tcf/Digilent/210183794968A.
Check cable connectivity and that the target board is powered up then
use the disconnect_hw_server and connect_hw_server to re-register this hardware target.
ERROR: [Labtoolstcl 44-513] HW Target shutdown. Closing target: localhost:3121/xilinx_tcf/Digilent/210183794968A
INFO: [Labtoolstcl 44-466] Opening hw_target localhost:3121/xilinx_tcf/Digilent/210183794968A
INFO: [Labtools 27-1435] Device xc7a35t (JTAG device index = 0) is not programmed (DONE status = 0).
delete_hw_cfgmem [ get_property PROGRAM.HW_CFGMEM [lindex [get_hw_devices] 0 ]]
reset_run impl_1 -prev_step 
launch_runs impl_1 -to_step write_bitstream
[Mon Dec 26 16:12:29 2016] Launched impl_1...
Run output will be captured here: C:/Users/ZYZ/Desktop/CCCCC/Gluttonous Snake/Gluttonous Snake/Gluttonous Snake.runs/impl_1/runme.log
write_cfgmem  -format bin -size 2 -interface SPIx4 -loadbit "up 0x00000000 C:/Users/ZYZ/Desktop/CCCCC/Gluttonous Snake V2.0/V2.0/V2.0.runs/impl_1/Top.bit " -force -file "C:/Users/ZYZ/Desktop/CCCCC/Gluttonous Snake V2.0/V2.0/V2.0.runs/impl_1/Top.bin"
Command: write_cfgmem -format bin -size 2 -interface SPIx4 -loadbit {up 0x00000000 C:/Users/ZYZ/Desktop/CCCCC/Gluttonous Snake V2.0/V2.0/V2.0.runs/impl_1/Top.bit } -force -file {C:/Users/ZYZ/Desktop/CCCCC/Gluttonous Snake V2.0/V2.0/V2.0.runs/impl_1/Top.bin}
Creating config memory files...
Creating bitstream load up from address 0x00000000
ERROR: [Writecfgmem 68-24] The SPIX4 interface does not support daisy chaining bit files.
0 Infos, 0 Warnings, 0 Critical Warnings and 1 Errors encountered.
write_cfgmem failed
ERROR: [Common 17-39] 'write_cfgmem' failed due to earlier errors.
set_property PROBES.FILE {} [lindex [get_hw_devices xc7a35t_0] 0]
set_property PROGRAM.FILE {C:/Users/ZYZ/Desktop/CCCCC/Gluttonous Snake V2.0/V2.0/V2.0.runs/impl_1/Top.bit} [lindex [get_hw_devices xc7a35t_0] 0]
program_hw_devices [lindex [get_hw_devices xc7a35t_0] 0]
INFO: [Labtools 27-3164] End of startup status: HIGH
refresh_hw_device [lindex [get_hw_devices xc7a35t_0] 0]
INFO: [Labtools 27-1434] Device xc7a35t (JTAG device index = 0) is programmed with a design that has no supported debug core(s) in it.
WARNING: [Labtools 27-3123] The debug hub core was not detected at User Scan Chain 1 or 3.
Resolution: 
1. Make sure the clock connected to the debug hub (dbg_hub) core is a free running clock and is active OR
2. Manually launch hw_server with -e "set xsdb-user-bscan <C_USER_SCAN_CHAIN scan_chain_number>" to detect the debug hub at User Scan Chain of 2 or 4. To determine the user scan chain setting, open the implemented design and use: get_property C_USER_SCAN_CHAIN [get_debug_cores dbg_hub].
create_hw_cfgmem -hw_device [lindex [get_hw_devices] 0] -mem_dev [lindex [get_cfgmem_parts {s25fl032p-spi-x1_x2_x4}] 0]
delete_hw_cfgmem [ get_property PROGRAM.HW_CFGMEM [lindex [get_hw_devices] 0 ]]
reset_run impl_1 -prev_step 
launch_runs impl_1 -to_step write_bitstream
[Mon Dec 26 16:15:00 2016] Launched impl_1...
Run output will be captured here: C:/Users/ZYZ/Desktop/CCCCC/Gluttonous Snake/Gluttonous Snake/Gluttonous Snake.runs/impl_1/runme.log
set_property PROBES.FILE {} [lindex [get_hw_devices xc7a35t_0] 0]
set_property PROGRAM.FILE {C:/Users/ZYZ/Desktop/CCCCC/Gluttonous Snake V2.0/V2.0/V2.0.runs/impl_1/Top.bit} [lindex [get_hw_devices xc7a35t_0] 0]
program_hw_devices [lindex [get_hw_devices xc7a35t_0] 0]
INFO: [Labtools 27-3164] End of startup status: HIGH
refresh_hw_device [lindex [get_hw_devices xc7a35t_0] 0]
INFO: [Labtools 27-2302] Device xc7a35t (JTAG device index = 0) is programmed with a design that has 1 SPI core(s).
create_hw_cfgmem -hw_device [lindex [get_hw_devices] 0] -mem_dev [lindex [get_cfgmem_parts {s25fl032p-spi-x1_x2_x4}] 0]
delete_hw_cfgmem [ get_property PROGRAM.HW_CFGMEM [lindex [get_hw_devices] 0 ]]
refresh_hw_sysmon  [get_hw_sysmons localhost:3121/xilinx_tcf/Digilent/210183794968A/xc7a35t_0/SYSMON]
refresh_hw_sysmon  [get_hw_sysmons localhost:3121/xilinx_tcf/Digilent/210183794968A/xc7a35t_0/SYSMON]
ERROR: [Labtools 27-2269] No devices detected on target localhost:3121/xilinx_tcf/Digilent/210183794968A.
Check cable connectivity and that the target board is powered up then
use the disconnect_hw_server and connect_hw_server to re-register this hardware target.
ERROR: [Labtoolstcl 44-513] HW Target shutdown. Closing target: localhost:3121/xilinx_tcf/Digilent/210183794968A
INFO: [Labtoolstcl 44-466] Opening hw_target localhost:3121/xilinx_tcf/Digilent/210183794968A
INFO: [Labtools 27-1434] Device xc7a35t (JTAG device index = 0) is programmed with a design that has no supported debug core(s) in it.
WARNING: [Labtools 27-3123] The debug hub core was not detected at User Scan Chain 1 or 3.
Resolution: 
1. Make sure the clock connected to the debug hub (dbg_hub) core is a free running clock and is active OR
2. Manually launch hw_server with -e "set xsdb-user-bscan <C_USER_SCAN_CHAIN scan_chain_number>" to detect the debug hub at User Scan Chain of 2 or 4. To determine the user scan chain setting, open the implemented design and use: get_property C_USER_SCAN_CHAIN [get_debug_cores dbg_hub].
write_cfgmem  -format bin -size 2 -interface SPIx4 -loadbit "up 0x00000000 C:/Users/ZYZ/Desktop/CCCCC/Gluttonous Snake V2.0/V2.0/V2.0.runs/impl_1/Top.bit " -file "C:/Users/ZYZ/Desktop/CCCCC/Gluttonous Snake V2.0/V2.0/V2.0.runs/impl_1/Top.bin"
Command: write_cfgmem -format bin -size 2 -interface SPIx4 -loadbit {up 0x00000000 C:/Users/ZYZ/Desktop/CCCCC/Gluttonous Snake V2.0/V2.0/V2.0.runs/impl_1/Top.bit } -file {C:/Users/ZYZ/Desktop/CCCCC/Gluttonous Snake V2.0/V2.0/V2.0.runs/impl_1/Top.bin}
Creating config memory files...
ERROR: [Writecfgmem 68-5] Cannot overwrite file C:/Users/ZYZ/Desktop/CCCCC/Gluttonous Snake V2.0/V2.0/V2.0.runs/impl_1/Top.bin. Use "-force" flag.
0 Infos, 0 Warnings, 0 Critical Warnings and 1 Errors encountered.
write_cfgmem failed
ERROR: [Common 17-39] 'write_cfgmem' failed due to earlier errors.
set_property PROBES.FILE {} [lindex [get_hw_devices xc7a35t_0] 0]
set_property PROGRAM.FILE {C:/Users/ZYZ/Desktop/CCCCC/Gluttonous Snake V2.0/V2.0/V2.0.runs/impl_1/Top.bit} [lindex [get_hw_devices xc7a35t_0] 0]
program_hw_devices [lindex [get_hw_devices xc7a35t_0] 0]
INFO: [Labtools 27-3164] End of startup status: HIGH
refresh_hw_device [lindex [get_hw_devices xc7a35t_0] 0]
INFO: [Labtools 27-1434] Device xc7a35t (JTAG device index = 0) is programmed with a design that has no supported debug core(s) in it.
WARNING: [Labtools 27-3123] The debug hub core was not detected at User Scan Chain 1 or 3.
Resolution: 
1. Make sure the clock connected to the debug hub (dbg_hub) core is a free running clock and is active OR
2. Manually launch hw_server with -e "set xsdb-user-bscan <C_USER_SCAN_CHAIN scan_chain_number>" to detect the debug hub at User Scan Chain of 2 or 4. To determine the user scan chain setting, open the implemented design and use: get_property C_USER_SCAN_CHAIN [get_debug_cores dbg_hub].
delete_hw_cfgmem [ get_property PROGRAM.HW_CFGMEM [lindex [get_hw_devices] 0 ]]
refresh_hw_device [lindex [get_hw_devices xc7a35t_0] 0]
INFO: [Labtools 27-1434] Device xc7a35t (JTAG device index = 0) is programmed with a design that has no supported debug core(s) in it.
WARNING: [Labtools 27-3123] The debug hub core was not detected at User Scan Chain 1 or 3.
Resolution: 
1. Make sure the clock connected to the debug hub (dbg_hub) core is a free running clock and is active OR
2. Manually launch hw_server with -e "set xsdb-user-bscan <C_USER_SCAN_CHAIN scan_chain_number>" to detect the debug hub at User Scan Chain of 2 or 4. To determine the user scan chain setting, open the implemented design and use: get_property C_USER_SCAN_CHAIN [get_debug_cores dbg_hub].
create_hw_cfgmem -hw_device [lindex [get_hw_devices] 0] -mem_dev [lindex [get_cfgmem_parts {s25fl032p-spi-x1_x2_x4}] 0]
delete_hw_cfgmem [ get_property PROGRAM.HW_CFGMEM [lindex [get_hw_devices] 0 ]]
refresh_hw_device [lindex [get_hw_devices xc7a35t_0] 0]
INFO: [Labtools 27-1434] Device xc7a35t (JTAG device index = 0) is programmed with a design that has no supported debug core(s) in it.
WARNING: [Labtools 27-3123] The debug hub core was not detected at User Scan Chain 1 or 3.
Resolution: 
1. Make sure the clock connected to the debug hub (dbg_hub) core is a free running clock and is active OR
2. Manually launch hw_server with -e "set xsdb-user-bscan <C_USER_SCAN_CHAIN scan_chain_number>" to detect the debug hub at User Scan Chain of 2 or 4. To determine the user scan chain setting, open the implemented design and use: get_property C_USER_SCAN_CHAIN [get_debug_cores dbg_hub].
create_hw_cfgmem -hw_device [lindex [get_hw_devices] 0] -mem_dev [lindex [get_cfgmem_parts {s25fl032p-spi-x1_x2_x4}] 0]
delete_hw_cfgmem [ get_property PROGRAM.HW_CFGMEM [lindex [get_hw_devices] 0 ]]
create_hw_cfgmem -hw_device [lindex [get_hw_devices] 0] -mem_dev  [lindex [get_cfgmem_parts {s25fl032p-spi-x1_x2_x4}] 0]
set_property PROGRAM.BLANK_CHECK  0 [ get_property PROGRAM.HW_CFGMEM [lindex [get_hw_devices] 0 ]]
set_property PROGRAM.ERASE  1 [ get_property PROGRAM.HW_CFGMEM [lindex [get_hw_devices] 0 ]]
set_property PROGRAM.CFG_PROGRAM  1 [ get_property PROGRAM.HW_CFGMEM [lindex [get_hw_devices] 0 ]]
set_property PROGRAM.VERIFY  1 [ get_property PROGRAM.HW_CFGMEM [lindex [get_hw_devices] 0 ]]
set_property PROGRAM.CHECKSUM  0 [ get_property PROGRAM.HW_CFGMEM [lindex [get_hw_devices] 0 ]]
refresh_hw_device [lindex [get_hw_devices xc7a35t_0] 0]
INFO: [Labtools 27-1434] Device xc7a35t (JTAG device index = 0) is programmed with a design that has no supported debug core(s) in it.
WARNING: [Labtools 27-3123] The debug hub core was not detected at User Scan Chain 1 or 3.
Resolution: 
1. Make sure the clock connected to the debug hub (dbg_hub) core is a free running clock and is active OR
2. Manually launch hw_server with -e "set xsdb-user-bscan <C_USER_SCAN_CHAIN scan_chain_number>" to detect the debug hub at User Scan Chain of 2 or 4. To determine the user scan chain setting, open the implemented design and use: get_property C_USER_SCAN_CHAIN [get_debug_cores dbg_hub].
exit
INFO: [Common 17-206] Exiting Vivado at Mon Dec 26 16:21:03 2016...
