#-----------------------------------------------------------
# Vivado v2016.3 (64-bit)
# SW Build 1682563 on Mon Oct 10 19:07:27 MDT 2016
# IP Build 1681267 on Mon Oct 10 21:28:31 MDT 2016
# Start of session at: Sat Dec 24 19:33:24 2016
# Process ID: 13808
# Current directory: C:/Users/ZYZ/Desktop/CCCCC/Gluttonous Snake/Gluttonous Snake
# Command line: vivado.exe -gui_launcher_event rodinguilauncherevent13052 C:\Users\ZYZ\Desktop\CCCCC\Gluttonous Snake\Gluttonous Snake\Gluttonous Snake.xpr
# Log file: C:/Users/ZYZ/Desktop/CCCCC/Gluttonous Snake/Gluttonous Snake/vivado.log
# Journal file: C:/Users/ZYZ/Desktop/CCCCC/Gluttonous Snake/Gluttonous Snake\vivado.jou
#-----------------------------------------------------------sstart_guiopen_project {C:/Users/ZYZ/Desktop/CCCCC/Gluttonous Snake/Gluttonous Snake/Gluttonous Snake.xpr}
Scanning sources...
Finished scanning sources
INFO: [IP_Flow 19-234] Refreshing IP repositories
INFO: [IP_Flow 19-1704] No user IP repositories specified
IINFO: [IP_Flow 19-2313] Loaded Vivado IP repository 'D:/Xilinx/Vivado/2016.3/data/ip'.open_project: Time (s): cpu = 00:00:13 ; elapsed = 00:00:30 . Memory (MB): peak = 732.926 ; gain = 145.207
Ereset_run synth_1
launch_runs synth_1
INFO: [HDL 9-2216] Analyzing Verilog file "C:/Users/ZYZ/Desktop/CCCCC/Gluttonous Snake/Gluttonous Snake/codes/Display.v" into library work [C:/Users/ZYZ/Desktop/CCCCC/Gluttonous Snake/Gluttonous Snake/codes/Display.v:1]
[Sat Dec 24 19:39:56 2016] Launched synth_1...
Run output will be captured here: C:/Users/ZYZ/Desktop/CCCCC/Gluttonous Snake/Gluttonous Snake/Gluttonous Snake.runs/synth_1/runme.log
reset_run synth_1
launch_runs impl_1 -to_step write_bitstream
[Sat Dec 24 19:55:45 2016] Launched synth_1...
Run output will be captured here: C:/Users/ZYZ/Desktop/CCCCC/Gluttonous Snake/Gluttonous Snake/Gluttonous Snake.runs/synth_1/runme.log
[Sat Dec 24 19:55:45 2016] Launched impl_1...
Run output will be captured here: C:/Users/ZYZ/Desktop/CCCCC/Gluttonous Snake/Gluttonous Snake/Gluttonous Snake.runs/impl_1/runme.log
reset_run synth_1
launch_runs synth_1
INFO: [HDL 9-2216] Analyzing Verilog file "C:/Users/ZYZ/Desktop/CCCCC/Gluttonous Snake/Gluttonous Snake/codes/Display.v" into library work [C:/Users/ZYZ/Desktop/CCCCC/Gluttonous Snake/Gluttonous Snake/codes/Display.v:1]
[Sat Dec 24 19:57:07 2016] Launched synth_1...
Run output will be captured here: C:/Users/ZYZ/Desktop/CCCCC/Gluttonous Snake/Gluttonous Snake/Gluttonous Snake.runs/synth_1/runme.log
launch_runs impl_1
[Sat Dec 24 19:57:48 2016] Launched impl_1...
Run output will be captured here: C:/Users/ZYZ/Desktop/CCCCC/Gluttonous Snake/Gluttonous Snake/Gluttonous Snake.runs/impl_1/runme.log
reset_run impl_1
reset_run synth_1
launch_runs synth_1
INFO: [HDL 9-2216] Analyzing Verilog file "C:/Users/ZYZ/Desktop/CCCCC/Gluttonous Snake/Gluttonous Snake/codes/Top.v" into library work [C:/Users/ZYZ/Desktop/CCCCC/Gluttonous Snake/Gluttonous Snake/codes/Top.v:1]
[Sat Dec 24 19:58:59 2016] Launched synth_1...
Run output will be captured here: C:/Users/ZYZ/Desktop/CCCCC/Gluttonous Snake/Gluttonous Snake/Gluttonous Snake.runs/synth_1/runme.log
launch_runs impl_1
[Sat Dec 24 19:59:39 2016] Launched impl_1...
Run output will be captured here: C:/Users/ZYZ/Desktop/CCCCC/Gluttonous Snake/Gluttonous Snake/Gluttonous Snake.runs/impl_1/runme.log
open_run impl_1
INFO: [Netlist 29-17] Analyzing 37 Unisim elements for replacement
INFO: [Netlist 29-28] Unisim Transformation completed in 1 CPU seconds
INFO: [Project 1-479] Netlist was created with Vivado 2016.3
INFO: [Device 21-403] Loading part xc7a35ticpg236-1L
INFO: [Project 1-570] Preparing netlist for logic optimization
Reading XDEF placement.
Reading placer database...
Reading XDEF routing.
Read XDEF File: Time (s): cpu = 00:00:00 ; elapsed = 00:00:00.132 . Memory (MB): peak = 1009.613 ; gain = 0.941
Restored from archive | CPU: 0.000000 secs | Memory: 0.000000 MB |
Finished XDEF File Restore: Time (s): cpu = 00:00:00 ; elapsed = 00:00:00.132 . Memory (MB): peak = 1009.613 ; gain = 0.941
INFO: [Project 1-111] Unisim Transformation Summary:
  A total of 1 instances were transformed.
  LDCP => LDCP (LDCE, LUT3, LUT3, VCC, GND): 1 instances

open_run: Time (s): cpu = 00:00:19 ; elapsed = 00:00:22 . Memory (MB): peak = 1101.859 ; gain = 261.063
ERROR: [Common 17-165] Too many positional options when parsing 'Snake.runs/impl_1/Top_power_routed.rpx', please type 'open_report -help' for usage info.
WARNING: [Timing 38-313] There are no user specified timing constraints. Timing constraints are needed for proper timing analysis.
set_property IOSTANDARD LVCMOS33 [get_ports [list {a_to_g_[6]} {a_to_g_[5]} {a_to_g_[4]} {a_to_g_[3]} {a_to_g_[2]} {a_to_g_[1]} {a_to_g_[0]}]]
set_property IOSTANDARD LVCMOS33 [get_ports [list {a_to_g_[6]} {a_to_g_[5]} {a_to_g_[4]} {a_to_g_[3]} {a_to_g_[2]} {a_to_g_[1]} {a_to_g_[0]}]]
set_property IOSTANDARD LVCMOS33 [get_ports [list {an_[1]} {an_[0]}]]
set_property IOSTANDARD LVCMOS33 [get_ports [list {button_in_[4]} {button_in_[3]} {button_in_[2]} {button_in_[1]} {button_in_[0]}]]
set_property IOSTANDARD LVCMOS33 [get_ports [list {VGA_B_[3]} {VGA_B_[2]} {VGA_B_[1]} {VGA_B_[0]}]]
set_property IOSTANDARD LVCMOS33 [get_ports [list {VGA_G_[3]} {VGA_G_[2]} {VGA_G_[1]} {VGA_G_[0]}]]
set_property IOSTANDARD LVCMOS33 [get_ports [list {VGA_R_[3]} {VGA_R_[2]} {VGA_R_[1]} {VGA_R_[0]}]]
set_property IOSTANDARD LVCMOS33 [get_ports [list main_clk]]
set_property IOSTANDARD LVCMOS33 [get_ports [list VGA_VS_]]
set_property IOSTANDARD LVCMOS33 [get_ports [list VGA_HS_]]
startgroup
set_property package_pin "" [get_ports [list  {an_[1]} {an_[0]}]]
place_ports main_clk W5
endgroup
startgroup
set_property package_pin "" [get_ports [list  VGA_HS_ {button_in_[4]} {button_in_[3]} {button_in_[2]} {button_in_[1]} {button_in_[0]}]]
place_ports VGA_HS_ R18
endgroup
place_ports VGA_HS_ P19
startgroup
set_property package_pin "" [get_ports [list  {VGA_B_[3]} {VGA_B_[2]} {VGA_B_[1]} {VGA_B_[0]}]]
place_ports VGA_VS_ R19
endgroup
place_ports {a_to_g_[6]} W7
place_ports {a_to_g_[5]} W6
place_ports {a_to_g_[4]} U8
place_ports {a_to_g_[3]} V8
place_ports {a_to_g_[2]} U5
place_ports {a_to_g_[1]} V5
startgroup
set_property package_pin "" [get_ports [list  {VGA_G_[3]} {VGA_G_[2]} {VGA_G_[1]} {VGA_G_[0]}]]
place_ports {a_to_g_[0]} U7
endgroup
place_ports {an_[1]} U4
startgroup
set_property package_pin "" [get_ports [list  {VGA_R_[3]} {VGA_R_[2]} {VGA_R_[1]} {VGA_R_[0]}]]
place_ports {an_[0]} U2
endgroup
startgroup
set_property package_pin "" [get_ports [list  main_clk VGA_HS_ VGA_VS_]]
place_ports {button_in_[0]} U18
endgroup
place_ports {button_in_[1]} T18
place_ports {button_in_[1]} U17
set_property package_pin "" [get_ports [list  {button_in_[2]}]]
place_ports {button_in_[1]} T18
place_ports {button_in_[2]} U17
place_ports {button_in_[3]} W19
place_ports {button_in_[4]} T17
place_ports {VGA_B_[3]} N18
place_ports {VGA_B_[2]} L18
place_ports {VGA_B_[1]} K18
place_ports {VGA_B_[0]} J18
place_ports {VGA_G_[3]} J17
place_ports {VGA_G_[2]} H17
place_ports {VGA_G_[1]} G17
place_ports {VGA_G_[0]} D17
place_ports {VGA_R_[3]} G19
place_ports {VGA_R_[2]} H19
place_ports {VGA_R_[1]} J19
place_ports {VGA_R_[0]} N19
place_ports main_clk W5
set_property package_pin "" [get_ports [list  VGA_VS_]]
place_ports VGA_HS_ P19
place_ports VGA_VS_ R19
file mkdir {C:/Users/ZYZ/Desktop/CCCCC/Gluttonous Snake/Gluttonous Snake/Gluttonous Snake.srcs/constrs_1/new}
close [ open {C:/Users/ZYZ/Desktop/CCCCC/Gluttonous Snake/Gluttonous Snake/Gluttonous Snake.srcs/constrs_1/new/Glu_Snake.xdc} w ]
add_files -fileset constrs_1 {{C:/Users/ZYZ/Desktop/CCCCC/Gluttonous Snake/Gluttonous Snake/Gluttonous Snake.srcs/constrs_1/new/Glu_Snake.xdc}}
set_property target_constrs_file {C:/Users/ZYZ/Desktop/CCCCC/Gluttonous Snake/Gluttonous Snake/Gluttonous Snake.srcs/constrs_1/new/Glu_Snake.xdc} [current_fileset -constrset]
save_constraints -force
ERROR: [Common 17-53] User Exception: A file was added to constraint set constrs_1 after the  implementation design was open. Doing "Save Constraints" will overwrite these files. Use "Save Constraints As" to avoid losing any data on disk.
save_constraints -force
ERROR: [Common 17-53] User Exception: A file was added to constraint set constrs_1 after the  implementation design was open. Doing "Save Constraints" will overwrite these files. Use "Save Constraints As" to avoid losing any data on disk.
save_constraints_as constrs_2
set_property constrset constrs_2 [get_runs synth_1]
set_property constrset constrs_2 [get_runs impl_1]
reset_run synth_1
launch_runs impl_1
[Sat Dec 24 20:08:59 2016] Launched synth_1...
Run output will be captured here: C:/Users/ZYZ/Desktop/CCCCC/Gluttonous Snake/Gluttonous Snake/Gluttonous Snake.runs/synth_1/runme.log
[Sat Dec 24 20:08:59 2016] Launched impl_1...
Run output will be captured here: C:/Users/ZYZ/Desktop/CCCCC/Gluttonous Snake/Gluttonous Snake/Gluttonous Snake.runs/impl_1/runme.log
launch_runs impl_1 -to_step write_bitstream
[Sat Dec 24 20:13:02 2016] Launched impl_1...
Run output will be captured here: C:/Users/ZYZ/Desktop/CCCCC/Gluttonous Snake/Gluttonous Snake/Gluttonous Snake.runs/impl_1/runme.log
reset_run synth_1
launch_runs synth_1
INFO: [HDL 9-2216] Analyzing Verilog file "C:/Users/ZYZ/Desktop/CCCCC/Gluttonous Snake/Gluttonous Snake/codes/Display.v" into library work [C:/Users/ZYZ/Desktop/CCCCC/Gluttonous Snake/Gluttonous Snake/codes/Display.v:1]
[Sat Dec 24 20:19:56 2016] Launched synth_1...
Run output will be captured here: C:/Users/ZYZ/Desktop/CCCCC/Gluttonous Snake/Gluttonous Snake/Gluttonous Snake.runs/synth_1/runme.log
launch_runs impl_1
[Sat Dec 24 20:21:00 2016] Launched impl_1...
Run output will be captured here: C:/Users/ZYZ/Desktop/CCCCC/Gluttonous Snake/Gluttonous Snake/Gluttonous Snake.runs/impl_1/runme.log
launch_runs impl_1 -to_step write_bitstream
[Sat Dec 24 20:22:45 2016] Launched impl_1...
Run output will be captured here: C:/Users/ZYZ/Desktop/CCCCC/Gluttonous Snake/Gluttonous Snake/Gluttonous Snake.runs/impl_1/runme.log
reset_run synth_1
launch_runs impl_1
[Sat Dec 24 20:28:14 2016] Launched synth_1...
Run output will be captured here: C:/Users/ZYZ/Desktop/CCCCC/Gluttonous Snake/Gluttonous Snake/Gluttonous Snake.runs/synth_1/runme.log
[Sat Dec 24 20:28:14 2016] Launched impl_1...
Run output will be captured here: C:/Users/ZYZ/Desktop/CCCCC/Gluttonous Snake/Gluttonous Snake/Gluttonous Snake.runs/impl_1/runme.log
launch_runs impl_1 -to_step write_bitstream
[Sat Dec 24 20:31:05 2016] Launched impl_1...
Run output will be captured here: C:/Users/ZYZ/Desktop/CCCCC/Gluttonous Snake/Gluttonous Snake/Gluttonous Snake.runs/impl_1/runme.log
ERROR: [filemgmt 56-23] Illegal GUI graph access between updates.
ERROR: [filemgmt 20-1788] Illegal access of HADGNode between graph update events.
ERROR: [filemgmt 20-1788] Illegal access of HADGNode between graph update events.
ERROR: [filemgmt 56-23] Illegal GUI graph access between updates.
ERROR: [filemgmt 56-23] Illegal GUI graph access between updates.
ERROR: [filemgmt 20-1788] Illegal access of HADGNode between graph update events.
ERROR: [filemgmt 20-1788] Illegal access of HADGNode between graph update events.
ERROR: [filemgmt 56-23] Illegal GUI graph access between updates.
ERROR: [filemgmt 56-23] Illegal GUI graph access between updates.
ERROR: [filemgmt 20-1788] Illegal access of HADGNode between graph update events.
ERROR: [filemgmt 20-1788] Illegal access of HADGNode between graph update events.
ERROR: [filemgmt 56-23] Illegal GUI graph access between updates.
reset_run synth_1
launch_runs impl_1
[Sat Dec 24 20:35:41 2016] Launched synth_1...
Run output will be captured here: C:/Users/ZYZ/Desktop/CCCCC/Gluttonous Snake/Gluttonous Snake/Gluttonous Snake.runs/synth_1/runme.log
[Sat Dec 24 20:35:41 2016] Launched impl_1...
Run output will be captured here: C:/Users/ZYZ/Desktop/CCCCC/Gluttonous Snake/Gluttonous Snake/Gluttonous Snake.runs/impl_1/runme.log
launch_runs impl_1 -to_step write_bitstream
[Sat Dec 24 20:39:01 2016] Launched impl_1...
Run output will be captured here: C:/Users/ZYZ/Desktop/CCCCC/Gluttonous Snake/Gluttonous Snake/Gluttonous Snake.runs/impl_1/runme.log
reset_run synth_1
launch_runs impl_1 -to_step write_bitstream
[Sat Dec 24 20:42:30 2016] Launched synth_1...
Run output will be captured here: C:/Users/ZYZ/Desktop/CCCCC/Gluttonous Snake/Gluttonous Snake/Gluttonous Snake.runs/synth_1/runme.log
[Sat Dec 24 20:42:30 2016] Launched impl_1...
Run output will be captured here: C:/Users/ZYZ/Desktop/CCCCC/Gluttonous Snake/Gluttonous Snake/Gluttonous Snake.runs/impl_1/runme.log
open_hw
INFO: [Labtools 27-2285] Connecting to hw_server url TCP:localhost:3121
disconnect_hw_server localhost:3121
connect_hw_server -url localhost:3121
INFO: [Labtools 27-2285] Connecting to hw_server url TCP:localhost:3121
current_hw_target [get_hw_targets */xilinx_tcf/Digilent/210183794980A]
set_property PARAM.FREQUENCY 15000000 [get_hw_targets */xilinx_tcf/Digilent/210183794980A]
open_hw_target
INFO: [Labtoolstcl 44-466] Opening hw_target localhost:3121/xilinx_tcf/Digilent/210183794980A
current_hw_device [lindex [get_hw_devices xc7a35t_0] 0]
refresh_hw_device -update_hw_probes false [lindex [get_hw_devices xc7a35t_0] 0]
INFO: [Labtools 27-1434] Device xc7a35t (JTAG device index = 0) is programmed with a design that has no supported debug core(s) in it.
WARNING: [Labtools 27-3123] The debug hub core was not detected at User Scan Chain 1 or 3.
Resolution: 
1. Make sure the clock connected to the debug hub (dbg_hub) core is a free running clock and is active OR
2. Manually launch hw_server with -e "set xsdb-user-bscan <C_USER_SCAN_CHAIN scan_chain_number>" to detect the debug hub at User Scan Chain of 2 or 4. To determine the user scan chain setting, open the implemented design and use: get_property C_USER_SCAN_CHAIN [get_debug_cores dbg_hub].
set_property PROBES.FILE {} [lindex [get_hw_devices xc7a35t_0] 0]
set_property PROGRAM.FILE {C:/Users/ZYZ/Desktop/CCCCC/Gluttonous Snake/Gluttonous Snake/Gluttonous Snake.runs/impl_1/Top.bit} [lindex [get_hw_devices xc7a35t_0] 0]
program_hw_devices [lindex [get_hw_devices xc7a35t_0] 0]
INFO: [Labtools 27-3164] End of startup status: HIGH
refresh_hw_device [lindex [get_hw_devices xc7a35t_0] 0]
INFO: [Labtools 27-1434] Device xc7a35t (JTAG device index = 0) is programmed with a design that has no supported debug core(s) in it.
WARNING: [Labtools 27-3123] The debug hub core was not detected at User Scan Chain 1 or 3.
Resolution: 
1. Make sure the clock connected to the debug hub (dbg_hub) core is a free running clock and is active OR
2. Manually launch hw_server with -e "set xsdb-user-bscan <C_USER_SCAN_CHAIN scan_chain_number>" to detect the debug hub at User Scan Chain of 2 or 4. To determine the user scan chain setting, open the implemented design and use: get_property C_USER_SCAN_CHAIN [get_debug_cores dbg_hub].
set_property PROBES.FILE {} [lindex [get_hw_devices xc7a35t_0] 0]
set_property PROGRAM.FILE {C:/Users/ZYZ/Desktop/CCCCC/Gluttonous Snake/Gluttonous Snake/Gluttonous Snake.runs/impl_1/Top.bit} [lindex [get_hw_devices xc7a35t_0] 0]
program_hw_devices [lindex [get_hw_devices xc7a35t_0] 0]
INFO: [Labtools 27-3164] End of startup status: HIGH
refresh_hw_device [lindex [get_hw_devices xc7a35t_0] 0]
INFO: [Labtools 27-1434] Device xc7a35t (JTAG device index = 0) is programmed with a design that has no supported debug core(s) in it.
WARNING: [Labtools 27-3123] The debug hub core was not detected at User Scan Chain 1 or 3.
Resolution: 
1. Make sure the clock connected to the debug hub (dbg_hub) core is a free running clock and is active OR
2. Manually launch hw_server with -e "set xsdb-user-bscan <C_USER_SCAN_CHAIN scan_chain_number>" to detect the debug hub at User Scan Chain of 2 or 4. To determine the user scan chain setting, open the implemented design and use: get_property C_USER_SCAN_CHAIN [get_debug_cores dbg_hub].
set_property PROBES.FILE {} [lindex [get_hw_devices xc7a35t_0] 0]
set_property PROGRAM.FILE {C:/Users/ZYZ/Desktop/CCCCC/Gluttonous Snake/Gluttonous Snake/Gluttonous Snake.runs/impl_1/Top.bit} [lindex [get_hw_devices xc7a35t_0] 0]
program_hw_devices [lindex [get_hw_devices xc7a35t_0] 0]
INFO: [Labtools 27-3164] End of startup status: HIGH
refresh_hw_device [lindex [get_hw_devices xc7a35t_0] 0]
INFO: [Labtools 27-1434] Device xc7a35t (JTAG device index = 0) is programmed with a design that has no supported debug core(s) in it.
WARNING: [Labtools 27-3123] The debug hub core was not detected at User Scan Chain 1 or 3.
Resolution: 
1. Make sure the clock connected to the debug hub (dbg_hub) core is a free running clock and is active OR
2. Manually launch hw_server with -e "set xsdb-user-bscan <C_USER_SCAN_CHAIN scan_chain_number>" to detect the debug hub at User Scan Chain of 2 or 4. To determine the user scan chain setting, open the implemented design and use: get_property C_USER_SCAN_CHAIN [get_debug_cores dbg_hub].
reset_run synth_1
launch_runs impl_1 -to_step write_bitstream
[Sat Dec 24 20:52:48 2016] Launched synth_1...
Run output will be captured here: C:/Users/ZYZ/Desktop/CCCCC/Gluttonous Snake/Gluttonous Snake/Gluttonous Snake.runs/synth_1/runme.log
[Sat Dec 24 20:52:48 2016] Launched impl_1...
Run output will be captured here: C:/Users/ZYZ/Desktop/CCCCC/Gluttonous Snake/Gluttonous Snake/Gluttonous Snake.runs/impl_1/runme.log
set_property PROBES.FILE {} [lindex [get_hw_devices xc7a35t_0] 0]
set_property PROGRAM.FILE {C:/Users/ZYZ/Desktop/CCCCC/Gluttonous Snake/Gluttonous Snake/Gluttonous Snake.runs/impl_1/Top.bit} [lindex [get_hw_devices xc7a35t_0] 0]
program_hw_devices [lindex [get_hw_devices xc7a35t_0] 0]
INFO: [Labtools 27-3164] End of startup status: HIGH
refresh_hw_device [lindex [get_hw_devices xc7a35t_0] 0]
INFO: [Labtools 27-1434] Device xc7a35t (JTAG device index = 0) is programmed with a design that has no supported debug core(s) in it.
WARNING: [Labtools 27-3123] The debug hub core was not detected at User Scan Chain 1 or 3.
Resolution: 
1. Make sure the clock connected to the debug hub (dbg_hub) core is a free running clock and is active OR
2. Manually launch hw_server with -e "set xsdb-user-bscan <C_USER_SCAN_CHAIN scan_chain_number>" to detect the debug hub at User Scan Chain of 2 or 4. To determine the user scan chain setting, open the implemented design and use: get_property C_USER_SCAN_CHAIN [get_debug_cores dbg_hub].
set_property PROBES.FILE {} [lindex [get_hw_devices xc7a35t_0] 0]
set_property PROGRAM.FILE {C:/Users/ZYZ/Desktop/CCCCC/Gluttonous Snake/Gluttonous Snake/Gluttonous Snake.runs/impl_1/Top.bit} [lindex [get_hw_devices xc7a35t_0] 0]
program_hw_devices [lindex [get_hw_devices xc7a35t_0] 0]
INFO: [Labtools 27-3164] End of startup status: HIGH
refresh_hw_device [lindex [get_hw_devices xc7a35t_0] 0]
INFO: [Labtools 27-1434] Device xc7a35t (JTAG device index = 0) is programmed with a design that has no supported debug core(s) in it.
WARNING: [Labtools 27-3123] The debug hub core was not detected at User Scan Chain 1 or 3.
Resolution: 
1. Make sure the clock connected to the debug hub (dbg_hub) core is a free running clock and is active OR
2. Manually launch hw_server with -e "set xsdb-user-bscan <C_USER_SCAN_CHAIN scan_chain_number>" to detect the debug hub at User Scan Chain of 2 or 4. To determine the user scan chain setting, open the implemented design and use: get_property C_USER_SCAN_CHAIN [get_debug_cores dbg_hub].
reset_run synth_1
launch_runs impl_1 -to_step write_bitstream
[Sat Dec 24 21:00:13 2016] Launched synth_1...
Run output will be captured here: C:/Users/ZYZ/Desktop/CCCCC/Gluttonous Snake/Gluttonous Snake/Gluttonous Snake.runs/synth_1/runme.log
[Sat Dec 24 21:00:13 2016] Launched impl_1...
Run output will be captured here: C:/Users/ZYZ/Desktop/CCCCC/Gluttonous Snake/Gluttonous Snake/Gluttonous Snake.runs/impl_1/runme.log
set_property PROBES.FILE {} [lindex [get_hw_devices xc7a35t_0] 0]
set_property PROGRAM.FILE {C:/Users/ZYZ/Desktop/CCCCC/Gluttonous Snake/Gluttonous Snake/Gluttonous Snake.runs/impl_1/Top.bit} [lindex [get_hw_devices xc7a35t_0] 0]
program_hw_devices [lindex [get_hw_devices xc7a35t_0] 0]
INFO: [Labtools 27-3164] End of startup status: HIGH
refresh_hw_device [lindex [get_hw_devices xc7a35t_0] 0]
INFO: [Labtools 27-1434] Device xc7a35t (JTAG device index = 0) is programmed with a design that has no supported debug core(s) in it.
WARNING: [Labtools 27-3123] The debug hub core was not detected at User Scan Chain 1 or 3.
Resolution: 
1. Make sure the clock connected to the debug hub (dbg_hub) core is a free running clock and is active OR
2. Manually launch hw_server with -e "set xsdb-user-bscan <C_USER_SCAN_CHAIN scan_chain_number>" to detect the debug hub at User Scan Chain of 2 or 4. To determine the user scan chain setting, open the implemented design and use: get_property C_USER_SCAN_CHAIN [get_debug_cores dbg_hub].
set_property PROBES.FILE {} [lindex [get_hw_devices xc7a35t_0] 0]
set_property PROGRAM.FILE {C:/Users/ZYZ/Desktop/CCCCC/Gluttonous Snake/Gluttonous Snake/Gluttonous Snake.runs/impl_1/Top.bit} [lindex [get_hw_devices xc7a35t_0] 0]
program_hw_devices [lindex [get_hw_devices xc7a35t_0] 0]
INFO: [Labtools 27-3164] End of startup status: HIGH
refresh_hw_device [lindex [get_hw_devices xc7a35t_0] 0]
INFO: [Labtools 27-1434] Device xc7a35t (JTAG device index = 0) is programmed with a design that has no supported debug core(s) in it.
WARNING: [Labtools 27-3123] The debug hub core was not detected at User Scan Chain 1 or 3.
Resolution: 
1. Make sure the clock connected to the debug hub (dbg_hub) core is a free running clock and is active OR
2. Manually launch hw_server with -e "set xsdb-user-bscan <C_USER_SCAN_CHAIN scan_chain_number>" to detect the debug hub at User Scan Chain of 2 or 4. To determine the user scan chain setting, open the implemented design and use: get_property C_USER_SCAN_CHAIN [get_debug_cores dbg_hub].
reset_run synth_1
launch_runs impl_1 -to_step write_bitstream
[Sat Dec 24 21:09:00 2016] Launched synth_1...
Run output will be captured here: C:/Users/ZYZ/Desktop/CCCCC/Gluttonous Snake/Gluttonous Snake/Gluttonous Snake.runs/synth_1/runme.log
[Sat Dec 24 21:09:00 2016] Launched impl_1...
Run output will be captured here: C:/Users/ZYZ/Desktop/CCCCC/Gluttonous Snake/Gluttonous Snake/Gluttonous Snake.runs/impl_1/runme.log
set_property PROBES.FILE {} [lindex [get_hw_devices xc7a35t_0] 0]
set_property PROGRAM.FILE {C:/Users/ZYZ/Desktop/CCCCC/Gluttonous Snake/Gluttonous Snake/Gluttonous Snake.runs/impl_1/Top.bit} [lindex [get_hw_devices xc7a35t_0] 0]
program_hw_devices [lindex [get_hw_devices xc7a35t_0] 0]
INFO: [Labtools 27-3164] End of startup status: HIGH
refresh_hw_device [lindex [get_hw_devices xc7a35t_0] 0]
INFO: [Labtools 27-1434] Device xc7a35t (JTAG device index = 0) is programmed with a design that has no supported debug core(s) in it.
WARNING: [Labtools 27-3123] The debug hub core was not detected at User Scan Chain 1 or 3.
Resolution: 
1. Make sure the clock connected to the debug hub (dbg_hub) core is a free running clock and is active OR
2. Manually launch hw_server with -e "set xsdb-user-bscan <C_USER_SCAN_CHAIN scan_chain_number>" to detect the debug hub at User Scan Chain of 2 or 4. To determine the user scan chain setting, open the implemented design and use: get_property C_USER_SCAN_CHAIN [get_debug_cores dbg_hub].
reset_run synth_1
launch_runs impl_1 -to_step write_bitstream
[Sat Dec 24 21:21:42 2016] Launched synth_1...
Run output will be captured here: C:/Users/ZYZ/Desktop/CCCCC/Gluttonous Snake/Gluttonous Snake/Gluttonous Snake.runs/synth_1/runme.log
[Sat Dec 24 21:21:42 2016] Launched impl_1...
Run output will be captured here: C:/Users/ZYZ/Desktop/CCCCC/Gluttonous Snake/Gluttonous Snake/Gluttonous Snake.runs/impl_1/runme.log
reset_run synth_1
launch_runs impl_1 -to_step write_bitstream
[Sat Dec 24 21:25:00 2016] Launched synth_1...
Run output will be captured here: C:/Users/ZYZ/Desktop/CCCCC/Gluttonous Snake/Gluttonous Snake/Gluttonous Snake.runs/synth_1/runme.log
[Sat Dec 24 21:25:00 2016] Launched impl_1...
Run output will be captured here: C:/Users/ZYZ/Desktop/CCCCC/Gluttonous Snake/Gluttonous Snake/Gluttonous Snake.runs/impl_1/runme.log
set_property PROBES.FILE {} [lindex [get_hw_devices xc7a35t_0] 0]
set_property PROGRAM.FILE {C:/Users/ZYZ/Desktop/CCCCC/Gluttonous Snake/Gluttonous Snake/Gluttonous Snake.runs/impl_1/Top.bit} [lindex [get_hw_devices xc7a35t_0] 0]
program_hw_devices [lindex [get_hw_devices xc7a35t_0] 0]
INFO: [Labtools 27-3164] End of startup status: HIGH
refresh_hw_device [lindex [get_hw_devices xc7a35t_0] 0]
INFO: [Labtools 27-1434] Device xc7a35t (JTAG device index = 0) is programmed with a design that has no supported debug core(s) in it.
WARNING: [Labtools 27-3123] The debug hub core was not detected at User Scan Chain 1 or 3.
Resolution: 
1. Make sure the clock connected to the debug hub (dbg_hub) core is a free running clock and is active OR
2. Manually launch hw_server with -e "set xsdb-user-bscan <C_USER_SCAN_CHAIN scan_chain_number>" to detect the debug hub at User Scan Chain of 2 or 4. To determine the user scan chain setting, open the implemented design and use: get_property C_USER_SCAN_CHAIN [get_debug_cores dbg_hub].
set_property PROBES.FILE {} [lindex [get_hw_devices xc7a35t_0] 0]
set_property PROGRAM.FILE {C:/Users/ZYZ/Desktop/CCCCC/Gluttonous Snake/Gluttonous Snake/Gluttonous Snake.runs/impl_1/Top.bit} [lindex [get_hw_devices xc7a35t_0] 0]
program_hw_devices [lindex [get_hw_devices xc7a35t_0] 0]
INFO: [Labtools 27-3164] End of startup status: HIGH
refresh_hw_device [lindex [get_hw_devices xc7a35t_0] 0]
INFO: [Labtools 27-1434] Device xc7a35t (JTAG device index = 0) is programmed with a design that has no supported debug core(s) in it.
WARNING: [Labtools 27-3123] The debug hub core was not detected at User Scan Chain 1 or 3.
Resolution: 
1. Make sure the clock connected to the debug hub (dbg_hub) core is a free running clock and is active OR
2. Manually launch hw_server with -e "set xsdb-user-bscan <C_USER_SCAN_CHAIN scan_chain_number>" to detect the debug hub at User Scan Chain of 2 or 4. To determine the user scan chain setting, open the implemented design and use: get_property C_USER_SCAN_CHAIN [get_debug_cores dbg_hub].
reset_run synth_1
launch_runs impl_1 -to_step write_bitstream
[Sat Dec 24 21:34:00 2016] Launched synth_1...
Run output will be captured here: C:/Users/ZYZ/Desktop/CCCCC/Gluttonous Snake/Gluttonous Snake/Gluttonous Snake.runs/synth_1/runme.log
[Sat Dec 24 21:34:00 2016] Launched impl_1...
Run output will be captured here: C:/Users/ZYZ/Desktop/CCCCC/Gluttonous Snake/Gluttonous Snake/Gluttonous Snake.runs/impl_1/runme.log
reset_run synth_1
launch_runs impl_1 -to_step write_bitstream
[Sat Dec 24 21:38:20 2016] Launched synth_1...
Run output will be captured here: C:/Users/ZYZ/Desktop/CCCCC/Gluttonous Snake/Gluttonous Snake/Gluttonous Snake.runs/synth_1/runme.log
[Sat Dec 24 21:38:20 2016] Launched impl_1...
Run output will be captured here: C:/Users/ZYZ/Desktop/CCCCC/Gluttonous Snake/Gluttonous Snake/Gluttonous Snake.runs/impl_1/runme.log
reset_run synth_1
launch_runs impl_1 -to_step write_bitstream
[Sat Dec 24 21:38:46 2016] Launched synth_1...
Run output will be captured here: C:/Users/ZYZ/Desktop/CCCCC/Gluttonous Snake/Gluttonous Snake/Gluttonous Snake.runs/synth_1/runme.log
[Sat Dec 24 21:38:46 2016] Launched impl_1...
Run output will be captured here: C:/Users/ZYZ/Desktop/CCCCC/Gluttonous Snake/Gluttonous Snake/Gluttonous Snake.runs/impl_1/runme.log
set_property PROBES.FILE {} [lindex [get_hw_devices xc7a35t_0] 0]
set_property PROGRAM.FILE {C:/Users/ZYZ/Desktop/CCCCC/Gluttonous Snake/Gluttonous Snake/Gluttonous Snake.runs/impl_1/Top.bit} [lindex [get_hw_devices xc7a35t_0] 0]
program_hw_devices [lindex [get_hw_devices xc7a35t_0] 0]
INFO: [Labtools 27-3164] End of startup status: HIGH
refresh_hw_device [lindex [get_hw_devices xc7a35t_0] 0]
INFO: [Labtools 27-1434] Device xc7a35t (JTAG device index = 0) is programmed with a design that has no supported debug core(s) in it.
WARNING: [Labtools 27-3123] The debug hub core was not detected at User Scan Chain 1 or 3.
Resolution: 
1. Make sure the clock connected to the debug hub (dbg_hub) core is a free running clock and is active OR
2. Manually launch hw_server with -e "set xsdb-user-bscan <C_USER_SCAN_CHAIN scan_chain_number>" to detect the debug hub at User Scan Chain of 2 or 4. To determine the user scan chain setting, open the implemented design and use: get_property C_USER_SCAN_CHAIN [get_debug_cores dbg_hub].
reset_run synth_1
launch_runs impl_1 -to_step write_bitstream
[Sat Dec 24 21:49:14 2016] Launched synth_1...
Run output will be captured here: C:/Users/ZYZ/Desktop/CCCCC/Gluttonous Snake/Gluttonous Snake/Gluttonous Snake.runs/synth_1/runme.log
[Sat Dec 24 21:49:14 2016] Launched impl_1...
Run output will be captured here: C:/Users/ZYZ/Desktop/CCCCC/Gluttonous Snake/Gluttonous Snake/Gluttonous Snake.runs/impl_1/runme.log
set_property PROBES.FILE {} [lindex [get_hw_devices xc7a35t_0] 0]
set_property PROGRAM.FILE {C:/Users/ZYZ/Desktop/CCCCC/Gluttonous Snake/Gluttonous Snake/Gluttonous Snake.runs/impl_1/Top.bit} [lindex [get_hw_devices xc7a35t_0] 0]
program_hw_devices [lindex [get_hw_devices xc7a35t_0] 0]
INFO: [Labtools 27-3164] End of startup status: HIGH
refresh_hw_device [lindex [get_hw_devices xc7a35t_0] 0]
INFO: [Labtools 27-1434] Device xc7a35t (JTAG device index = 0) is programmed with a design that has no supported debug core(s) in it.
WARNING: [Labtools 27-3123] The debug hub core was not detected at User Scan Chain 1 or 3.
Resolution: 
1. Make sure the clock connected to the debug hub (dbg_hub) core is a free running clock and is active OR
2. Manually launch hw_server with -e "set xsdb-user-bscan <C_USER_SCAN_CHAIN scan_chain_number>" to detect the debug hub at User Scan Chain of 2 or 4. To determine the user scan chain setting, open the implemented design and use: get_property C_USER_SCAN_CHAIN [get_debug_cores dbg_hub].
reset_run synth_1
launch_runs impl_1 -to_step write_bitstream
[Sat Dec 24 21:55:01 2016] Launched synth_1...
Run output will be captured here: C:/Users/ZYZ/Desktop/CCCCC/Gluttonous Snake/Gluttonous Snake/Gluttonous Snake.runs/synth_1/runme.log
[Sat Dec 24 21:55:01 2016] Launched impl_1...
Run output will be captured here: C:/Users/ZYZ/Desktop/CCCCC/Gluttonous Snake/Gluttonous Snake/Gluttonous Snake.runs/impl_1/runme.log
reset_run synth_1
launch_runs impl_1 -to_step write_bitstream
[Sat Dec 24 21:55:42 2016] Launched synth_1...
Run output will be captured here: C:/Users/ZYZ/Desktop/CCCCC/Gluttonous Snake/Gluttonous Snake/Gluttonous Snake.runs/synth_1/runme.log
[Sat Dec 24 21:55:42 2016] Launched impl_1...
Run output will be captured here: C:/Users/ZYZ/Desktop/CCCCC/Gluttonous Snake/Gluttonous Snake/Gluttonous Snake.runs/impl_1/runme.log
reset_run impl_1
reset_run synth_1
launch_runs impl_1 -to_step write_bitstream
[Sat Dec 24 21:58:14 2016] Launched synth_1...
Run output will be captured here: C:/Users/ZYZ/Desktop/CCCCC/Gluttonous Snake/Gluttonous Snake/Gluttonous Snake.runs/synth_1/runme.log
[Sat Dec 24 21:58:14 2016] Launched impl_1...
Run output will be captured here: C:/Users/ZYZ/Desktop/CCCCC/Gluttonous Snake/Gluttonous Snake/Gluttonous Snake.runs/impl_1/runme.log
set_property PROBES.FILE {} [lindex [get_hw_devices xc7a35t_0] 0]
set_property PROGRAM.FILE {C:/Users/ZYZ/Desktop/CCCCC/Gluttonous Snake/Gluttonous Snake/Gluttonous Snake.runs/impl_1/Top.bit} [lindex [get_hw_devices xc7a35t_0] 0]
program_hw_devices [lindex [get_hw_devices xc7a35t_0] 0]
INFO: [Labtools 27-3164] End of startup status: HIGH
refresh_hw_device [lindex [get_hw_devices xc7a35t_0] 0]
INFO: [Labtools 27-1434] Device xc7a35t (JTAG device index = 0) is programmed with a design that has no supported debug core(s) in it.
WARNING: [Labtools 27-3123] The debug hub core was not detected at User Scan Chain 1 or 3.
Resolution: 
1. Make sure the clock connected to the debug hub (dbg_hub) core is a free running clock and is active OR
2. Manually launch hw_server with -e "set xsdb-user-bscan <C_USER_SCAN_CHAIN scan_chain_number>" to detect the debug hub at User Scan Chain of 2 or 4. To determine the user scan chain setting, open the implemented design and use: get_property C_USER_SCAN_CHAIN [get_debug_cores dbg_hub].
reset_run impl_1 -prev_step 
launch_runs impl_1 -to_step write_bitstream
WARNING: [Vivado 12-872] Run step 'Design Initialization' is out-of-date.
[Sat Dec 24 22:07:43 2016] Launched impl_1...
Run output will be captured here: C:/Users/ZYZ/Desktop/CCCCC/Gluttonous Snake/Gluttonous Snake/Gluttonous Snake.runs/impl_1/runme.log
reset_run synth_1
launch_runs impl_1 -to_step write_bitstream
[Sat Dec 24 22:08:54 2016] Launched synth_1...
Run output will be captured here: C:/Users/ZYZ/Desktop/CCCCC/Gluttonous Snake/Gluttonous Snake/Gluttonous Snake.runs/synth_1/runme.log
[Sat Dec 24 22:08:54 2016] Launched impl_1...
Run output will be captured here: C:/Users/ZYZ/Desktop/CCCCC/Gluttonous Snake/Gluttonous Snake/Gluttonous Snake.runs/impl_1/runme.log
set_property PROBES.FILE {} [lindex [get_hw_devices xc7a35t_0] 0]
set_property PROGRAM.FILE {C:/Users/ZYZ/Desktop/CCCCC/Gluttonous Snake/Gluttonous Snake/Gluttonous Snake.runs/impl_1/Top.bit} [lindex [get_hw_devices xc7a35t_0] 0]
program_hw_devices [lindex [get_hw_devices xc7a35t_0] 0]
INFO: [Labtools 27-3164] End of startup status: HIGH
refresh_hw_device [lindex [get_hw_devices xc7a35t_0] 0]
INFO: [Labtools 27-1434] Device xc7a35t (JTAG device index = 0) is programmed with a design that has no supported debug core(s) in it.
WARNING: [Labtools 27-3123] The debug hub core was not detected at User Scan Chain 1 or 3.
Resolution: 
1. Make sure the clock connected to the debug hub (dbg_hub) core is a free running clock and is active OR
2. Manually launch hw_server with -e "set xsdb-user-bscan <C_USER_SCAN_CHAIN scan_chain_number>" to detect the debug hub at User Scan Chain of 2 or 4. To determine the user scan chain setting, open the implemented design and use: get_property C_USER_SCAN_CHAIN [get_debug_cores dbg_hub].
set_property PROBES.FILE {} [lindex [get_hw_devices xc7a35t_0] 0]
set_property PROGRAM.FILE {C:/Users/ZYZ/Desktop/CCCCC/Gluttonous Snake/Gluttonous Snake/Gluttonous Snake.runs/impl_1/Top.bit} [lindex [get_hw_devices xc7a35t_0] 0]
program_hw_devices [lindex [get_hw_devices xc7a35t_0] 0]
INFO: [Labtools 27-3164] End of startup status: HIGH
refresh_hw_device [lindex [get_hw_devices xc7a35t_0] 0]
INFO: [Labtools 27-1434] Device xc7a35t (JTAG device index = 0) is programmed with a design that has no supported debug core(s) in it.
WARNING: [Labtools 27-3123] The debug hub core was not detected at User Scan Chain 1 or 3.
Resolution: 
1. Make sure the clock connected to the debug hub (dbg_hub) core is a free running clock and is active OR
2. Manually launch hw_server with -e "set xsdb-user-bscan <C_USER_SCAN_CHAIN scan_chain_number>" to detect the debug hub at User Scan Chain of 2 or 4. To determine the user scan chain setting, open the implemented design and use: get_property C_USER_SCAN_CHAIN [get_debug_cores dbg_hub].
reset_run synth_1
launch_runs impl_1 -to_step write_bitstream
[Sat Dec 24 22:17:23 2016] Launched synth_1...
Run output will be captured here: C:/Users/ZYZ/Desktop/CCCCC/Gluttonous Snake/Gluttonous Snake/Gluttonous Snake.runs/synth_1/runme.log
[Sat Dec 24 22:17:23 2016] Launched impl_1...
Run output will be captured here: C:/Users/ZYZ/Desktop/CCCCC/Gluttonous Snake/Gluttonous Snake/Gluttonous Snake.runs/impl_1/runme.log
set_property PROBES.FILE {} [lindex [get_hw_devices xc7a35t_0] 0]
set_property PROGRAM.FILE {C:/Users/ZYZ/Desktop/CCCCC/Gluttonous Snake/Gluttonous Snake/Gluttonous Snake.runs/impl_1/Top.bit} [lindex [get_hw_devices xc7a35t_0] 0]
program_hw_devices [lindex [get_hw_devices xc7a35t_0] 0]
INFO: [Labtools 27-3164] End of startup status: HIGH
refresh_hw_device [lindex [get_hw_devices xc7a35t_0] 0]
INFO: [Labtools 27-1434] Device xc7a35t (JTAG device index = 0) is programmed with a design that has no supported debug core(s) in it.
WARNING: [Labtools 27-3123] The debug hub core was not detected at User Scan Chain 1 or 3.
Resolution: 
1. Make sure the clock connected to the debug hub (dbg_hub) core is a free running clock and is active OR
2. Manually launch hw_server with -e "set xsdb-user-bscan <C_USER_SCAN_CHAIN scan_chain_number>" to detect the debug hub at User Scan Chain of 2 or 4. To determine the user scan chain setting, open the implemented design and use: get_property C_USER_SCAN_CHAIN [get_debug_cores dbg_hub].
set_property PROBES.FILE {} [lindex [get_hw_devices xc7a35t_0] 0]
set_property PROGRAM.FILE {C:/Users/ZYZ/Desktop/CCCCC/Gluttonous Snake/Gluttonous Snake/Gluttonous Snake.runs/impl_1/Top.bit} [lindex [get_hw_devices xc7a35t_0] 0]
program_hw_devices [lindex [get_hw_devices xc7a35t_0] 0]
INFO: [Labtools 27-3164] End of startup status: HIGH
refresh_hw_device [lindex [get_hw_devices xc7a35t_0] 0]
INFO: [Labtools 27-1434] Device xc7a35t (JTAG device index = 0) is programmed with a design that has no supported debug core(s) in it.
WARNING: [Labtools 27-3123] The debug hub core was not detected at User Scan Chain 1 or 3.
Resolution: 
1. Make sure the clock connected to the debug hub (dbg_hub) core is a free running clock and is active OR
2. Manually launch hw_server with -e "set xsdb-user-bscan <C_USER_SCAN_CHAIN scan_chain_number>" to detect the debug hub at User Scan Chain of 2 or 4. To determine the user scan chain setting, open the implemented design and use: get_property C_USER_SCAN_CHAIN [get_debug_cores dbg_hub].
reset_run synth_1
launch_runs impl_1 -to_step write_bitstream
[Sat Dec 24 22:26:45 2016] Launched synth_1...
Run output will be captured here: C:/Users/ZYZ/Desktop/CCCCC/Gluttonous Snake/Gluttonous Snake/Gluttonous Snake.runs/synth_1/runme.log
[Sat Dec 24 22:26:45 2016] Launched impl_1...
Run output will be captured here: C:/Users/ZYZ/Desktop/CCCCC/Gluttonous Snake/Gluttonous Snake/Gluttonous Snake.runs/impl_1/runme.log
reset_run impl_1
reset_run synth_1
launch_runs impl_1 -to_step write_bitstream
[Sat Dec 24 22:28:27 2016] Launched synth_1...
Run output will be captured here: C:/Users/ZYZ/Desktop/CCCCC/Gluttonous Snake/Gluttonous Snake/Gluttonous Snake.runs/synth_1/runme.log
[Sat Dec 24 22:28:27 2016] Launched impl_1...
Run output will be captured here: C:/Users/ZYZ/Desktop/CCCCC/Gluttonous Snake/Gluttonous Snake/Gluttonous Snake.runs/impl_1/runme.log
set_property PROBES.FILE {} [lindex [get_hw_devices xc7a35t_0] 0]
set_property PROGRAM.FILE {C:/Users/ZYZ/Desktop/CCCCC/Gluttonous Snake/Gluttonous Snake/Gluttonous Snake.runs/impl_1/Top.bit} [lindex [get_hw_devices xc7a35t_0] 0]
program_hw_devices [lindex [get_hw_devices xc7a35t_0] 0]
INFO: [Labtools 27-3164] End of startup status: HIGH
refresh_hw_device [lindex [get_hw_devices xc7a35t_0] 0]
INFO: [Labtools 27-1434] Device xc7a35t (JTAG device index = 0) is programmed with a design that has no supported debug core(s) in it.
WARNING: [Labtools 27-3123] The debug hub core was not detected at User Scan Chain 1 or 3.
Resolution: 
1. Make sure the clock connected to the debug hub (dbg_hub) core is a free running clock and is active OR
2. Manually launch hw_server with -e "set xsdb-user-bscan <C_USER_SCAN_CHAIN scan_chain_number>" to detect the debug hub at User Scan Chain of 2 or 4. To determine the user scan chain setting, open the implemented design and use: get_property C_USER_SCAN_CHAIN [get_debug_cores dbg_hub].
reset_run synth_1
launch_runs impl_1 -to_step write_bitstream
[Sat Dec 24 22:36:49 2016] Launched synth_1...
Run output will be captured here: C:/Users/ZYZ/Desktop/CCCCC/Gluttonous Snake/Gluttonous Snake/Gluttonous Snake.runs/synth_1/runme.log
[Sat Dec 24 22:36:49 2016] Launched impl_1...
Run output will be captured here: C:/Users/ZYZ/Desktop/CCCCC/Gluttonous Snake/Gluttonous Snake/Gluttonous Snake.runs/impl_1/runme.log
set_property PROBES.FILE {} [lindex [get_hw_devices xc7a35t_0] 0]
set_property PROGRAM.FILE {C:/Users/ZYZ/Desktop/CCCCC/Gluttonous Snake/Gluttonous Snake/Gluttonous Snake.runs/impl_1/Top.bit} [lindex [get_hw_devices xc7a35t_0] 0]
program_hw_devices [lindex [get_hw_devices xc7a35t_0] 0]
INFO: [Labtools 27-3164] End of startup status: HIGH
refresh_hw_device [lindex [get_hw_devices xc7a35t_0] 0]
INFO: [Labtools 27-1434] Device xc7a35t (JTAG device index = 0) is programmed with a design that has no supported debug core(s) in it.
WARNING: [Labtools 27-3123] The debug hub core was not detected at User Scan Chain 1 or 3.
Resolution: 
1. Make sure the clock connected to the debug hub (dbg_hub) core is a free running clock and is active OR
2. Manually launch hw_server with -e "set xsdb-user-bscan <C_USER_SCAN_CHAIN scan_chain_number>" to detect the debug hub at User Scan Chain of 2 or 4. To determine the user scan chain setting, open the implemented design and use: get_property C_USER_SCAN_CHAIN [get_debug_cores dbg_hub].
reset_run synth_1
launch_runs impl_1 -to_step write_bitstream
[Sat Dec 24 22:42:01 2016] Launched synth_1...
Run output will be captured here: C:/Users/ZYZ/Desktop/CCCCC/Gluttonous Snake/Gluttonous Snake/Gluttonous Snake.runs/synth_1/runme.log
[Sat Dec 24 22:42:01 2016] Launched impl_1...
Run output will be captured here: C:/Users/ZYZ/Desktop/CCCCC/Gluttonous Snake/Gluttonous Snake/Gluttonous Snake.runs/impl_1/runme.log
set_property PROBES.FILE {} [lindex [get_hw_devices xc7a35t_0] 0]
set_property PROGRAM.FILE {C:/Users/ZYZ/Desktop/CCCCC/Gluttonous Snake/Gluttonous Snake/Gluttonous Snake.runs/impl_1/Top.bit} [lindex [get_hw_devices xc7a35t_0] 0]
program_hw_devices [lindex [get_hw_devices xc7a35t_0] 0]
INFO: [Labtools 27-3164] End of startup status: HIGH
refresh_hw_device [lindex [get_hw_devices xc7a35t_0] 0]
INFO: [Labtools 27-1434] Device xc7a35t (JTAG device index = 0) is programmed with a design that has no supported debug core(s) in it.
WARNING: [Labtools 27-3123] The debug hub core was not detected at User Scan Chain 1 or 3.
Resolution: 
1. Make sure the clock connected to the debug hub (dbg_hub) core is a free running clock and is active OR
2. Manually launch hw_server with -e "set xsdb-user-bscan <C_USER_SCAN_CHAIN scan_chain_number>" to detect the debug hub at User Scan Chain of 2 or 4. To determine the user scan chain setting, open the implemented design and use: get_property C_USER_SCAN_CHAIN [get_debug_cores dbg_hub].
ERROR: [Labtoolstcl 44-513] HW Target shutdown. Closing target: localhost:3121/xilinx_tcf/Digilent/210183794980A
exit
INFO: [Common 17-206] Exiting Vivado at Sat Dec 24 23:17:58 2016...
