#-----------------------------------------------------------
# Vivado v2016.3 (64-bit)
# SW Build 1682563 on Mon Oct 10 19:07:27 MDT 2016
# IP Build 1681267 on Mon Oct 10 21:28:31 MDT 2016
# Start of session at: Mon Dec 26 19:57:31 2016
# Process ID: 16404
# Current directory: C:/Users/ZYZ/Desktop/CLOCK
# Command line: vivado.exe -gui_launcher_event rodinguilauncherevent10272 C:\Users\ZYZ\Desktop\CLOCK\CLOCK.xpr
# Log file: C:/Users/ZYZ/Desktop/CLOCK/vivado.log
# Journal file: C:/Users/ZYZ/Desktop/CLOCK\vivado.jou
#-----------------------------------------------------------
start_gui
open_project C:/Users/ZYZ/Desktop/CLOCK/CLOCK.xpr
Scanning sources...
Finished scanning sources
INFO: [IP_Flow 19-234] Refreshing IP repositories
INFO: [IP_Flow 19-1704] No user IP repositories specified
INFO: [IP_Flow 19-2313] Loaded Vivado IP repository 'D:/Xilinx/Vivado/2016.3/data/ip'.
open_project: Time (s): cpu = 00:00:12 ; elapsed = 00:00:14 . Memory (MB): peak = 707.949 ; gain = 112.945
exit
INFO: [Common 17-206] Exiting Vivado at Mon Dec 26 20:09:56 2016...
