#-----------------------------------------------------------
# Vivado v2015.2 (64-bit)
# SW Build 1266856 on Fri Jun 26 16:35:25 MDT 2015
# IP Build 1264090 on Wed Jun 24 14:22:01 MDT 2015
# Start of session at: Tue Dec 13 09:05:53 2016
# Process ID: 9440
# Log file: C:/Users/ZYZ/Desktop/ID_Display/vivado.log
# Journal file: C:/Users/ZYZ/Desktop/ID_Display\vivado.jou
#-----------------------------------------------------------
start_gui
open_project C:/Users/ZYZ/Desktop/ID_Display/ID_Display.xpr
Scanning sources...
Finished scanning sources
INFO: [IP_Flow 19-234] Refreshing IP repositories
INFO: [IP_Flow 19-1704] No user IP repositories specified
INFO: [IP_Flow 19-2313] Loaded Vivado IP repository 'D:/Xilinx/Vivado/2015.2/data/ip'.
open_project: Time (s): cpu = 00:00:21 ; elapsed = 00:00:23 . Memory (MB): peak = 690.379 ; gain = 139.789
reset_run synth_1
launch_runs synth_1
INFO: [HDL 9-2216] Analyzing Verilog file "C:/Users/ZYZ/Desktop/ID_Display/ID_Display.srcs/sources_1/new/ID.v" into library work [C:/Users/ZYZ/Desktop/ID_Display/ID_Display.srcs/sources_1/new/ID.v:1]
[Tue Dec 13 09:10:10 2016] Launched synth_1...
Run output will be captured here: C:/Users/ZYZ/Desktop/ID_Display/ID_Display.runs/synth_1/runme.log
launch_runs impl_1
[Tue Dec 13 09:11:44 2016] Launched impl_1...
Run output will be captured here: C:/Users/ZYZ/Desktop/ID_Display/ID_Display.runs/impl_1/runme.log
open_run impl_1
INFO: [Netlist 29-17] Analyzing 7 Unisim elements for replacement
INFO: [Netlist 29-28] Unisim Transformation completed in 0 CPU seconds
INFO: [Project 1-479] Netlist was created with Vivado 2015.2
INFO: [Device 21-403] Loading part xc7a35ticpg236-1L
INFO: [Project 1-570] Preparing netlist for logic optimization
Parsing XDC File [C:/Users/ZYZ/Desktop/ID_Display/.Xil/Vivado-9440-DESKTOP-3Q2SFCD/dcp/ID.xdc]
Finished Parsing XDC File [C:/Users/ZYZ/Desktop/ID_Display/.Xil/Vivado-9440-DESKTOP-3Q2SFCD/dcp/ID.xdc]
Reading XDEF placement.
Reading placer database...
Reading XDEF routing.
Read XDEF File: Time (s): cpu = 00:00:00 ; elapsed = 00:00:00.178 . Memory (MB): peak = 879.008 ; gain = 0.000
Restored from archive | CPU: 0.000000 secs | Memory: 0.000000 MB |
Finished XDEF File Restore: Time (s): cpu = 00:00:00 ; elapsed = 00:00:00.178 . Memory (MB): peak = 879.008 ; gain = 0.000
INFO: [Project 1-111] Unisim Transformation Summary:
No Unisim elements were transformed.

open_run: Time (s): cpu = 00:00:26 ; elapsed = 00:00:30 . Memory (MB): peak = 960.402 ; gain = 264.730
WARNING: [Timing 38-313] There are no user specified timing constraints. Timing constraints are needed for proper timing analysis.
launch_runs impl_1 -to_step write_bitstream
[Tue Dec 13 09:14:21 2016] Launched impl_1...
Run output will be captured here: C:/Users/ZYZ/Desktop/ID_Display/ID_Display.runs/impl_1/runme.log
open_hw
INFO: [Labtools 27-2285] Connecting to hw_server url TCP:localhost:3121
INFO: [Labtools 27-2222] Launching hw_server...
INFO: [Labtools 27-2221] Launch Output:

****** Xilinx hw_server v2015.2
  **** Build date : Jun 26 2015-16:56:39
    ** Copyright 1986-1999, 2001-2015 Xilinx, Inc. All Rights Reserved.


connect_hw_server: Time (s): cpu = 00:00:00 ; elapsed = 00:00:06 . Memory (MB): peak = 1341.793 ; gain = 0.000
****** Webtalk v2015.2 (64-bit)
  **** SW Build 1266856 on Fri Jun 26 16:35:25 MDT 2015
  **** IP Build 1264090 on Wed Jun 24 14:22:01 MDT 2015
    ** Copyright 1986-2015 Xilinx, Inc. All Rights Reserved.

source C:/Users/ZYZ/Desktop/ID_Display/ID_Display.hw/webtalk/labtool_webtalk.tcl -notrace

    while executing
"webtalk_transmit -clientid 1358671538 -regid "210826554_0_0_607" -xml C:/Users/ZYZ/Desktop/ID_Display/ID_Display.hw/webtalk/usage_statistics_ext_labto..."
    (file "C:/Users/ZYZ/Desktop/ID_Display/ID_Display.hw/webtalk/labtool_webtalk.tcl" line 28)
INFO: [Common 17-206] Exiting Webtalk at Tue Dec 13 09:17:15 2016...
connect_hw_server -url localhost:3121
INFO: [Labtools 27-2285] Connecting to hw_server url TCP:localhost:3121
current_hw_target [get_hw_targets */xilinx_tcf/Digilent/210183794968A]
set_property PARAM.FREQUENCY 15000000 [get_hw_targets */xilinx_tcf/Digilent/210183794968A]
open_hw_target
INFO: [Labtoolstcl 44-466] Opening hw_target localhost:3121/xilinx_tcf/Digilent/210183794968A
set_property PROGRAM.FILE {C:/Users/ZYZ/Desktop/ID_Display/ID_Display.runs/impl_1/ID.bit} [lindex [get_hw_devices] 0]
current_hw_device [lindex [get_hw_devices] 0]
refresh_hw_device -update_hw_probes false [lindex [get_hw_devices] 0]
INFO: [Labtools 27-1434] Device xc7a35t (JTAG device index = 0) is programmed with a design that has no supported debug core(s) in it.
WARNING: [Labtools 27-3123] The debug hub core was not detected at User Scan Chain 1 or 3.
Resolution: 
1. Make sure the clock connected to the debug hub (dbg_hub) core is a free running clock and is active OR
2. Manually launch hw_server with -e "set xsdb-user-bscan <C_USER_SCAN_CHAIN scan_chain_number>" to detect the debug hub at User Scan Chain of 2 or 4. To determine the user scan chain setting, open the implemented design and use: get_property C_USER_SCAN_CHAIN [get_debug_cores dbg_hub].
set_property PROBES.FILE {} [lindex [get_hw_devices] 0]
set_property PROGRAM.FILE {C:/Users/ZYZ/Desktop/ID_Display/ID_Display.runs/impl_1/ID.bit} [lindex [get_hw_devices] 0]
program_hw_devices [lindex [get_hw_devices] 0]
INFO: [Labtools 27-3164] End of startup status: HIGH
refresh_hw_device [lindex [get_hw_devices] 0]
INFO: [Labtools 27-1434] Device xc7a35t (JTAG device index = 0) is programmed with a design that has no supported debug core(s) in it.
WARNING: [Labtools 27-3123] The debug hub core was not detected at User Scan Chain 1 or 3.
Resolution: 
1. Make sure the clock connected to the debug hub (dbg_hub) core is a free running clock and is active OR
2. Manually launch hw_server with -e "set xsdb-user-bscan <C_USER_SCAN_CHAIN scan_chain_number>" to detect the debug hub at User Scan Chain of 2 or 4. To determine the user scan chain setting, open the implemented design and use: get_property C_USER_SCAN_CHAIN [get_debug_cores dbg_hub].
reset_run synth_1
launch_runs synth_1
INFO: [HDL 9-2216] Analyzing Verilog file "C:/Users/ZYZ/Desktop/ID_Display/ID_Display.srcs/sources_1/new/ID.v" into library work [C:/Users/ZYZ/Desktop/ID_Display/ID_Display.srcs/sources_1/new/ID.v:1]
[Tue Dec 13 09:18:46 2016] Launched synth_1...
Run output will be captured here: C:/Users/ZYZ/Desktop/ID_Display/ID_Display.runs/synth_1/runme.log
launch_runs impl_1 -to_step write_bitstream
[Tue Dec 13 09:20:06 2016] Launched impl_1...
Run output will be captured here: C:/Users/ZYZ/Desktop/ID_Display/ID_Display.runs/impl_1/runme.log
set_property PROBES.FILE {} [lindex [get_hw_devices] 0]
set_property PROGRAM.FILE {C:/Users/ZYZ/Desktop/ID_Display/ID_Display.runs/impl_1/ID.bit} [lindex [get_hw_devices] 0]
program_hw_devices [lindex [get_hw_devices] 0]
INFO: [Labtools 27-3164] End of startup status: HIGH
refresh_hw_device [lindex [get_hw_devices] 0]
INFO: [Labtools 27-1434] Device xc7a35t (JTAG device index = 0) is programmed with a design that has no supported debug core(s) in it.
WARNING: [Labtools 27-3123] The debug hub core was not detected at User Scan Chain 1 or 3.
Resolution: 
1. Make sure the clock connected to the debug hub (dbg_hub) core is a free running clock and is active OR
2. Manually launch hw_server with -e "set xsdb-user-bscan <C_USER_SCAN_CHAIN scan_chain_number>" to detect the debug hub at User Scan Chain of 2 or 4. To determine the user scan chain setting, open the implemented design and use: get_property C_USER_SCAN_CHAIN [get_debug_cores dbg_hub].
ERROR: [Labtools 27-3175] Target jsn-Basys3-210183794968A is no longer available.
Please use disconnect_hw_server to close the current server connection. Check cable connectivity and that the target board is powered up.
Restart the hw_server application running on host localhost, port 3121 and then use connect_hw_server to re-establish connection to target.
close_hw_target
INFO: [Labtoolstcl 44-464] Closing hw_target localhost:3121/xilinx_tcf/Digilent/210183794968A
ERROR: [Labtools 27-3175] Target jsn-Basys3-210183794968A is no longer available.
Please use disconnect_hw_server to close the current server connection. Check cable connectivity and that the target board is powered up.
Restart the hw_server application running on host localhost, port 3121 and then use connect_hw_server to re-establish connection to target.
close_hw_target
INFO: [Labtoolstcl 44-464] Closing hw_target localhost:3121/xilinx_tcf/Digilent/210183794968A
INFO: [Labtoolstcl 44-468] Target hw_target localhost:3121/xilinx_tcf/Digilent/210183794968A is already closed
disconnect_hw_server localhost:3121
INFO: [Labtools 27-2285] Connecting to hw_server url TCP:localhost:3121
connect_hw_server -url localhost:3121
INFO: [Labtools 27-2285] Connecting to hw_server url TCP:localhost:3121
current_hw_target [get_hw_targets */xilinx_tcf/Digilent/210183794986A]
set_property PARAM.FREQUENCY 15000000 [get_hw_targets */xilinx_tcf/Digilent/210183794986A]
open_hw_target
INFO: [Labtoolstcl 44-466] Opening hw_target localhost:3121/xilinx_tcf/Digilent/210183794986A
set_property PROGRAM.FILE {C:/Users/ZYZ/Desktop/ID_Display/ID_Display.runs/impl_1/ID.bit} [lindex [get_hw_devices] 0]
current_hw_device [lindex [get_hw_devices] 0]
refresh_hw_device -update_hw_probes false [lindex [get_hw_devices] 0]
INFO: [Labtools 27-1434] Device xc7a35t (JTAG device index = 0) is programmed with a design that has no supported debug core(s) in it.
WARNING: [Labtools 27-3123] The debug hub core was not detected at User Scan Chain 1 or 3.
Resolution: 
1. Make sure the clock connected to the debug hub (dbg_hub) core is a free running clock and is active OR
2. Manually launch hw_server with -e "set xsdb-user-bscan <C_USER_SCAN_CHAIN scan_chain_number>" to detect the debug hub at User Scan Chain of 2 or 4. To determine the user scan chain setting, open the implemented design and use: get_property C_USER_SCAN_CHAIN [get_debug_cores dbg_hub].
set_property PROBES.FILE {} [lindex [get_hw_devices] 0]
set_property PROGRAM.FILE {C:/Users/ZYZ/Desktop/ID_Display/ID_Display.runs/impl_1/ID.bit} [lindex [get_hw_devices] 0]
program_hw_devices [lindex [get_hw_devices] 0]
INFO: [Labtools 27-3164] End of startup status: HIGH
refresh_hw_device [lindex [get_hw_devices] 0]
INFO: [Labtools 27-1434] Device xc7a35t (JTAG device index = 0) is programmed with a design that has no supported debug core(s) in it.
WARNING: [Labtools 27-3123] The debug hub core was not detected at User Scan Chain 1 or 3.
Resolution: 
1. Make sure the clock connected to the debug hub (dbg_hub) core is a free running clock and is active OR
2. Manually launch hw_server with -e "set xsdb-user-bscan <C_USER_SCAN_CHAIN scan_chain_number>" to detect the debug hub at User Scan Chain of 2 or 4. To determine the user scan chain setting, open the implemented design and use: get_property C_USER_SCAN_CHAIN [get_debug_cores dbg_hub].
ERROR: [Labtools 27-3175] Target jsn-Basys3-210183794986A is no longer available.
Please use disconnect_hw_server to close the current server connection. Check cable connectivity and that the target board is powered up.
Restart the hw_server application running on host localhost, port 3121 and then use connect_hw_server to re-establish connection to target.
close_hw_target
INFO: [Labtoolstcl 44-464] Closing hw_target localhost:3121/xilinx_tcf/Digilent/210183794986A
ERROR: [Labtools 27-3175] Target jsn-Basys3-210183794986A is no longer available.
Please use disconnect_hw_server to close the current server connection. Check cable connectivity and that the target board is powered up.
Restart the hw_server application running on host localhost, port 3121 and then use connect_hw_server to re-establish connection to target.
close_hw_target
INFO: [Labtoolstcl 44-464] Closing hw_target localhost:3121/xilinx_tcf/Digilent/210183794986A
INFO: [Labtoolstcl 44-468] Target hw_target localhost:3121/xilinx_tcf/Digilent/210183794986A is already closed
reset_run synth_1
launch_runs synth_1
INFO: [HDL 9-2216] Analyzing Verilog file "C:/Users/ZYZ/Desktop/ID_Display/ID_Display.srcs/sources_1/new/ID.v" into library work [C:/Users/ZYZ/Desktop/ID_Display/ID_Display.srcs/sources_1/new/ID.v:1]
[Tue Dec 13 10:54:23 2016] Launched synth_1...
Run output will be captured here: C:/Users/ZYZ/Desktop/ID_Display/ID_Display.runs/synth_1/runme.log
launch_runs impl_1
[Tue Dec 13 10:55:07 2016] Launched impl_1...
Run output will be captured here: C:/Users/ZYZ/Desktop/ID_Display/ID_Display.runs/impl_1/runme.log
refresh_design
INFO: [Netlist 29-17] Analyzing 7 Unisim elements for replacement
INFO: [Netlist 29-28] Unisim Transformation completed in 0 CPU seconds
INFO: [Project 1-479] Netlist was created with Vivado 2015.2
INFO: [Project 1-570] Preparing netlist for logic optimization
Parsing XDC File [C:/Users/ZYZ/Desktop/ID_Display/.Xil/Vivado-9440-DESKTOP-3Q2SFCD/dcp/ID.xdc]
Finished Parsing XDC File [C:/Users/ZYZ/Desktop/ID_Display/.Xil/Vivado-9440-DESKTOP-3Q2SFCD/dcp/ID.xdc]
Reading XDEF placement.
Reading placer database...
Reading XDEF routing.
Read XDEF File: Time (s): cpu = 00:00:00 ; elapsed = 00:00:01 . Memory (MB): peak = 1419.582 ; gain = 0.000
Restored from archive | CPU: 0.000000 secs | Memory: 0.000000 MB |
Finished XDEF File Restore: Time (s): cpu = 00:00:00 ; elapsed = 00:00:01 . Memory (MB): peak = 1419.582 ; gain = 0.000
refresh_design: Time (s): cpu = 00:00:19 ; elapsed = 00:00:25 . Memory (MB): peak = 1419.582 ; gain = 2.496
place_ports clr R2
save_constraints
reset_run impl_1
launch_runs impl_1 -to_step write_bitstream
[Tue Dec 13 10:57:35 2016] Launched impl_1...
Run output will be captured here: C:/Users/ZYZ/Desktop/ID_Display/ID_Display.runs/impl_1/runme.log
disconnect_hw_server localhost:3121
INFO: [Labtools 27-2285] Connecting to hw_server url TCP:localhost:3121
connect_hw_server -url localhost:3121
INFO: [Labtools 27-2285] Connecting to hw_server url TCP:localhost:3121
current_hw_target [get_hw_targets */xilinx_tcf/Digilent/210183794968A]
set_property PARAM.FREQUENCY 15000000 [get_hw_targets */xilinx_tcf/Digilent/210183794968A]
open_hw_target
INFO: [Labtoolstcl 44-466] Opening hw_target localhost:3121/xilinx_tcf/Digilent/210183794968A
current_hw_device [lindex [get_hw_devices] 0]
refresh_hw_device -update_hw_probes false [lindex [get_hw_devices] 0]
INFO: [Labtools 27-1434] Device xc7a35t (JTAG device index = 0) is programmed with a design that has no supported debug core(s) in it.
WARNING: [Labtools 27-3123] The debug hub core was not detected at User Scan Chain 1 or 3.
Resolution: 
1. Make sure the clock connected to the debug hub (dbg_hub) core is a free running clock and is active OR
2. Manually launch hw_server with -e "set xsdb-user-bscan <C_USER_SCAN_CHAIN scan_chain_number>" to detect the debug hub at User Scan Chain of 2 or 4. To determine the user scan chain setting, open the implemented design and use: get_property C_USER_SCAN_CHAIN [get_debug_cores dbg_hub].
set_property PROBES.FILE {} [lindex [get_hw_devices] 0]
set_property PROGRAM.FILE {C:/Users/ZYZ/Desktop/ID_Display/ID_Display.runs/impl_1/ID.bit} [lindex [get_hw_devices] 0]
program_hw_devices [lindex [get_hw_devices] 0]
INFO: [Labtools 27-3164] End of startup status: HIGH
refresh_hw_device [lindex [get_hw_devices] 0]
INFO: [Labtools 27-1434] Device xc7a35t (JTAG device index = 0) is programmed with a design that has no supported debug core(s) in it.
WARNING: [Labtools 27-3123] The debug hub core was not detected at User Scan Chain 1 or 3.
Resolution: 
1. Make sure the clock connected to the debug hub (dbg_hub) core is a free running clock and is active OR
2. Manually launch hw_server with -e "set xsdb-user-bscan <C_USER_SCAN_CHAIN scan_chain_number>" to detect the debug hub at User Scan Chain of 2 or 4. To determine the user scan chain setting, open the implemented design and use: get_property C_USER_SCAN_CHAIN [get_debug_cores dbg_hub].
reset_run synth_1
launch_runs synth_1
INFO: [HDL 9-2216] Analyzing Verilog file "C:/Users/ZYZ/Desktop/ID_Display/ID_Display.srcs/sources_1/new/ID.v" into library work [C:/Users/ZYZ/Desktop/ID_Display/ID_Display.srcs/sources_1/new/ID.v:1]
[Tue Dec 13 11:00:57 2016] Launched synth_1...
Run output will be captured here: C:/Users/ZYZ/Desktop/ID_Display/ID_Display.runs/synth_1/runme.log
ERROR: [Labtools 27-3175] Target jsn-Basys3-210183794968A is no longer available.
Please use disconnect_hw_server to close the current server connection. Check cable connectivity and that the target board is powered up.
Restart the hw_server application running on host localhost, port 3121 and then use connect_hw_server to re-establish connection to target.
close_hw_target
INFO: [Labtoolstcl 44-464] Closing hw_target localhost:3121/xilinx_tcf/Digilent/210183794968A
ERROR: [Labtools 27-3175] Target jsn-Basys3-210183794968A is no longer available.
Please use disconnect_hw_server to close the current server connection. Check cable connectivity and that the target board is powered up.
Restart the hw_server application running on host localhost, port 3121 and then use connect_hw_server to re-establish connection to target.
close_hw_target
INFO: [Labtoolstcl 44-464] Closing hw_target localhost:3121/xilinx_tcf/Digilent/210183794968A
INFO: [Labtoolstcl 44-468] Target hw_target localhost:3121/xilinx_tcf/Digilent/210183794968A is already closed
ERROR: [Labtools 27-3175] Target jsn-Basys3-210183794968A is no longer available.
Please use disconnect_hw_server to close the current server connection. Check cable connectivity and that the target board is powered up.
Restart the hw_server application running on host localhost, port 3121 and then use connect_hw_server to re-establish connection to target.
close_hw_target
INFO: [Labtoolstcl 44-464] Closing hw_target localhost:3121/xilinx_tcf/Digilent/210183794968A
INFO: [Labtoolstcl 44-468] Target hw_target localhost:3121/xilinx_tcf/Digilent/210183794968A is already closed
launch_runs impl_1 -to_step write_bitstream
[Tue Dec 13 11:02:09 2016] Launched impl_1...
Run output will be captured here: C:/Users/ZYZ/Desktop/ID_Display/ID_Display.runs/impl_1/runme.log
