#-----------------------------------------------------------
# Vivado v2016.3 (64-bit)
# SW Build 1682563 on Mon Oct 10 19:07:27 MDT 2016
# IP Build 1681267 on Mon Oct 10 21:28:31 MDT 2016
# Start of session at: Sat Dec 24 00:05:55 2016
# Process ID: 7604
# Current directory: C:/Users/ZYZ/Desktop/CCCCC/Project_VGA_Game-12.23
# Command line: vivado.exe -gui_launcher_event rodinguilauncherevent8708 C:\Users\ZYZ\Desktop\CCCCC\Project_VGA_Game-12.23\project_2.xpr
# Log file: C:/Users/ZYZ/Desktop/CCCCC/Project_VGA_Game-12.23/vivado.log
# Journal file: C:/Users/ZYZ/Desktop/CCCCC/Project_VGA_Game-12.23\vivado.jou
#-----------------------------------------------------------
start_gui
open_project C:/Users/ZYZ/Desktop/CCCCC/Project_VGA_Game-12.23/project_2.xpr
INFO: [Project 1-313] Project file moved from 'C:/Users/Abner/Downloads/Project_VGA_Game' since last save.
Scanning sources...
Finished scanning sources
INFO: [Project 1-230] Project 'project_2.xpr' upgraded for this version of Vivado.
INFO: [IP_Flow 19-234] Refreshing IP repositories
INFO: [IP_Flow 19-1704] No user IP repositories specified
INFO: [IP_Flow 19-2313] Loaded Vivado IP repository 'D:/Xilinx/Vivado/2016.3/data/ip'.
open_project: Time (s): cpu = 00:00:17 ; elapsed = 00:00:23 . Memory (MB): peak = 727.516 ; gain = 123.465
open_run impl_1
INFO: [Netlist 29-17] Analyzing 1 Unisim elements for replacement
INFO: [Netlist 29-28] Unisim Transformation completed in 1 CPU seconds
INFO: [Project 1-479] Netlist was created with Vivado 2015.2
INFO: [Device 21-403] Loading part xc7a35ticpg236-1L
INFO: [Project 1-570] Preparing netlist for logic optimization
Parsing XDC File [C:/Users/ZYZ/Desktop/CCCCC/Project_VGA_Game-12.23/.Xil/Vivado-7604-DESKTOP-3Q2SFCD/dcp/vga_controller.xdc]
Finished Parsing XDC File [C:/Users/ZYZ/Desktop/CCCCC/Project_VGA_Game-12.23/.Xil/Vivado-7604-DESKTOP-3Q2SFCD/dcp/vga_controller.xdc]
Reading XDEF placement.
Reading placer database...
Reading XDEF routing.
Read XDEF File: Time (s): cpu = 00:00:00 ; elapsed = 00:00:00.296 . Memory (MB): peak = 900.777 ; gain = 0.020
Restored from archive | CPU: 0.000000 secs | Memory: 0.000000 MB |
Finished XDEF File Restore: Time (s): cpu = 00:00:00 ; elapsed = 00:00:00.334 . Memory (MB): peak = 900.777 ; gain = 0.020
INFO: [Opt 31-138] Pushed 0 inverter(s) to 0 load pin(s).
INFO: [Project 1-111] Unisim Transformation Summary:
No Unisim elements were transformed.

open_run: Time (s): cpu = 00:00:25 ; elapsed = 00:00:36 . Memory (MB): peak = 1021.762 ; gain = 294.246
exit
INFO: [Common 17-206] Exiting Vivado at Sat Dec 24 00:41:30 2016...
