#-----------------------------------------------------------
# Vivado v2015.2 (64-bit)
# SW Build 1266856 on Fri Jun 26 16:35:25 MDT 2015
# IP Build 1264090 on Wed Jun 24 14:22:01 MDT 2015
# Start of session at: Fri Dec 23 17:18:43 2016
# Process ID: 3944
# Log file: G:/Project_VGA_Game/vivado.log
# Journal file: G:/Project_VGA_Game\vivado.jou
#-----------------------------------------------------------
start_gui
open_project G:/Project_VGA_Game/project_2.xpr
INFO: [Project 1-313] Project file moved from 'C:/Users/Administrator/Desktop/project_1/project_2' since last save.
Scanning sources...
Finished scanning sources
INFO: [IP_Flow 19-234] Refreshing IP repositories
INFO: [IP_Flow 19-1704] No user IP repositories specified
INFO: [IP_Flow 19-2313] Loaded Vivado IP repository 'E:/Windows_Application/Vivado/Vivado/2015.2/data/ip'.
close [ open G:/Project_VGA_Game/project_2.srcs/sources_1/new/Button_Scan.v w ]
add_files G:/Project_VGA_Game/project_2.srcs/sources_1/new/Button_Scan.v
update_compile_order -fileset sources_1
create_bd_design "design_1"
Wrote  : <G:/Project_VGA_Game/project_2.srcs/sources_1/bd/design_1/design_1.bd> 
update_compile_order -fileset sources_1
open_bd_design {G:/Project_VGA_Game/project_2.srcs/sources_1/bd/design_1/design_1.bd}
open_bd_design {G:/Project_VGA_Game/project_2.srcs/sources_1/bd/design_1/design_1.bd}
