#-----------------------------------------------------------
# Vivado v2016.3 (64-bit)
# SW Build 1682563 on Mon Oct 10 19:07:27 MDT 2016
# IP Build 1681267 on Mon Oct 10 21:28:31 MDT 2016
# Start of session at: Fri Dec 23 23:05:58 2016
# Process ID: 7928
# Current directory: C:/Users/ZYZ/Desktop/CCCCC/Clock
# Command line: vivado.exe -gui_launcher_event rodinguilauncherevent7780 C:\Users\ZYZ\Desktop\CCCCC\Clock\Clock.xpr
# Log file: C:/Users/ZYZ/Desktop/CCCCC/Clock/vivado.log
# Journal file: C:/Users/ZYZ/Desktop/CCCCC/Clock\vivado.jou
#-----------------------------------------------------------
ERROR: [Common 17-356] Failed to install all user apps.
start_gui
open_project C:/Users/ZYZ/Desktop/CCCCC/Clock/Clock.xpr
Scanning sources...
Finished scanning sources
WARNING: [filemgmt 56-3] IP Output Repository Path: Could not find the directory 'C:/Users/ZYZ/Desktop/CCCCC/Clock/Clock.cache/ip'.
WARNING: [filemgmt 56-3] IPUserFilesDir: Could not find the directory 'C:/Users/ZYZ/Desktop/CCCCC/Clock/Clock.ip_user_files'.
INFO: [IP_Flow 19-234] Refreshing IP repositories
INFO: [IP_Flow 19-1704] No user IP repositories specified
INFO: [IP_Flow 19-2313] Loaded Vivado IP repository 'D:/Xilinx/Vivado/2016.3/data/ip'.
open_project: Time (s): cpu = 00:00:15 ; elapsed = 00:00:24 . Memory (MB): peak = 699.359 ; gain = 86.141
INFO: [Common 17-206] Exiting Vivado at Fri Dec 23 23:20:48 2016...
