
*** Running vivado
    with args -log CLOCK.vds -m64 -product Vivado -mode batch -messageDb vivado.pb -notrace -source CLOCK.tcl


****** Vivado v2016.3 (64-bit)
  **** SW Build 1682563 on Mon Oct 10 19:07:27 MDT 2016
  **** IP Build 1681267 on Mon Oct 10 21:28:31 MDT 2016
    ** Copyright 1986-2016 Xilinx, Inc. All Rights Reserved.

source CLOCK.tcl -notrace
Command: synth_design -top CLOCK -part xc7a35ticpg236-1L
Starting synth_design
Attempting to get a license for feature 'Synthesis' and/or device 'xc7a35ti'
INFO: [Common 17-349] Got license for feature 'Synthesis' and/or device 'xc7a35ti'
INFO: Launching helper process for spawning children vivado processes
INFO: Helper process launched with PID 19316 
---------------------------------------------------------------------------------
Starting RTL Elaboration : Time (s): cpu = 00:00:11 ; elapsed = 00:00:17 . Memory (MB): peak = 282.332 ; gain = 72.246
---------------------------------------------------------------------------------
INFO: [Synth 8-638] synthesizing module 'CLOCK' [C:/Users/ZYZ/Desktop/CLOCK/CLOCK.srcs/sources_1/new/CLOCK.v:572]
INFO: [Synth 8-638] synthesizing module 'Debounce' [C:/Users/ZYZ/Desktop/CLOCK/CLOCK.srcs/sources_1/new/CLOCK.v:3]
INFO: [Synth 8-256] done synthesizing module 'Debounce' (1#1) [C:/Users/ZYZ/Desktop/CLOCK/CLOCK.srcs/sources_1/new/CLOCK.v:3]
INFO: [Synth 8-638] synthesizing module 'changemode' [C:/Users/ZYZ/Desktop/CLOCK/CLOCK.srcs/sources_1/new/CLOCK.v:112]
INFO: [Synth 8-256] done synthesizing module 'changemode' (2#1) [C:/Users/ZYZ/Desktop/CLOCK/CLOCK.srcs/sources_1/new/CLOCK.v:112]
INFO: [Synth 8-638] synthesizing module 'CLOCKZ' [C:/Users/ZYZ/Desktop/CLOCK/CLOCK.srcs/sources_1/new/CLOCK.v:126]
INFO: [Synth 8-226] default block is never used [C:/Users/ZYZ/Desktop/CLOCK/CLOCK.srcs/sources_1/new/CLOCK.v:255]
INFO: [Synth 8-226] default block is never used [C:/Users/ZYZ/Desktop/CLOCK/CLOCK.srcs/sources_1/new/CLOCK.v:257]
INFO: [Synth 8-226] default block is never used [C:/Users/ZYZ/Desktop/CLOCK/CLOCK.srcs/sources_1/new/CLOCK.v:267]
INFO: [Synth 8-226] default block is never used [C:/Users/ZYZ/Desktop/CLOCK/CLOCK.srcs/sources_1/new/CLOCK.v:277]
INFO: [Synth 8-226] default block is never used [C:/Users/ZYZ/Desktop/CLOCK/CLOCK.srcs/sources_1/new/CLOCK.v:296]
INFO: [Synth 8-226] default block is never used [C:/Users/ZYZ/Desktop/CLOCK/CLOCK.srcs/sources_1/new/CLOCK.v:312]
INFO: [Synth 8-226] default block is never used [C:/Users/ZYZ/Desktop/CLOCK/CLOCK.srcs/sources_1/new/CLOCK.v:322]
INFO: [Synth 8-256] done synthesizing module 'CLOCKZ' (3#1) [C:/Users/ZYZ/Desktop/CLOCK/CLOCK.srcs/sources_1/new/CLOCK.v:126]
INFO: [Synth 8-638] synthesizing module 'display' [C:/Users/ZYZ/Desktop/CLOCK/CLOCK.srcs/sources_1/new/CLOCK.v:53]
INFO: [Synth 8-256] done synthesizing module 'display' (4#1) [C:/Users/ZYZ/Desktop/CLOCK/CLOCK.srcs/sources_1/new/CLOCK.v:53]
INFO: [Synth 8-256] done synthesizing module 'CLOCK' (5#1) [C:/Users/ZYZ/Desktop/CLOCK/CLOCK.srcs/sources_1/new/CLOCK.v:572]
WARNING: [Synth 8-3331] design CLOCKZ has unconnected port button[0]
---------------------------------------------------------------------------------
Finished RTL Elaboration : Time (s): cpu = 00:00:12 ; elapsed = 00:00:19 . Memory (MB): peak = 319.668 ; gain = 109.582
---------------------------------------------------------------------------------

Report Check Netlist: 
+------+------------------+-------+---------+-------+------------------+
|      |Item              |Errors |Warnings |Status |Description       |
+------+------------------+-------+---------+-------+------------------+
|1     |multi_driven_nets |      0|        0|Passed |Multi driven nets |
+------+------------------+-------+---------+-------+------------------+
---------------------------------------------------------------------------------
Finished RTL Optimization Phase 1 : Time (s): cpu = 00:00:12 ; elapsed = 00:00:20 . Memory (MB): peak = 319.668 ; gain = 109.582
---------------------------------------------------------------------------------
INFO: [Device 21-403] Loading part xc7a35ticpg236-1L
INFO: [Project 1-570] Preparing netlist for logic optimization

Processing XDC Constraints
Initializing timing engine
Parsing XDC File [C:/Users/ZYZ/Desktop/CLOCK/CLOCK.srcs/constrs_1/new/CLOCK.xdc]
Finished Parsing XDC File [C:/Users/ZYZ/Desktop/CLOCK/CLOCK.srcs/constrs_1/new/CLOCK.xdc]
INFO: [Project 1-236] Implementation specific constraints were found while reading constraint file [C:/Users/ZYZ/Desktop/CLOCK/CLOCK.srcs/constrs_1/new/CLOCK.xdc]. These constraints will be ignored for synthesis but will be used in implementation. Impacted constraints are listed in the file [.Xil/CLOCK_propImpl.xdc].
Resolution: To avoid this warning, move constraints listed in [.Xil/CLOCK_propImpl.xdc] to another XDC file and exclude this new file from synthesis with the used_in_synthesis property (File Properties dialog in GUI) and re-run elaboration/synthesis.
Completed Processing XDC Constraints

INFO: [Project 1-111] Unisim Transformation Summary:
No Unisim elements were transformed.

Constraint Validation Runtime : Time (s): cpu = 00:00:00 ; elapsed = 00:00:00.073 . Memory (MB): peak = 609.082 ; gain = 0.000
---------------------------------------------------------------------------------
Finished Constraint Validation : Time (s): cpu = 00:00:25 ; elapsed = 00:00:55 . Memory (MB): peak = 609.082 ; gain = 398.996
---------------------------------------------------------------------------------
---------------------------------------------------------------------------------
Start Loading Part and Timing Information
---------------------------------------------------------------------------------
Loading part: xc7a35ticpg236-1L
---------------------------------------------------------------------------------
Finished Loading Part and Timing Information : Time (s): cpu = 00:00:25 ; elapsed = 00:00:56 . Memory (MB): peak = 609.082 ; gain = 398.996
---------------------------------------------------------------------------------
---------------------------------------------------------------------------------
Start Applying 'set_property' XDC Constraints
---------------------------------------------------------------------------------
---------------------------------------------------------------------------------
Finished applying 'set_property' XDC Constraints : Time (s): cpu = 00:00:25 ; elapsed = 00:00:56 . Memory (MB): peak = 609.082 ; gain = 398.996
---------------------------------------------------------------------------------
INFO: [Synth 8-5818] HDL ADVISOR - The operator resource <adder> is shared. To prevent sharing consider applying a KEEP on the output of the operator [C:/Users/ZYZ/Desktop/CLOCK/CLOCK.srcs/sources_1/new/CLOCK.v:33]
INFO: [Synth 8-5818] HDL ADVISOR - The operator resource <adder> is shared. To prevent sharing consider applying a KEEP on the output of the operator [C:/Users/ZYZ/Desktop/CLOCK/CLOCK.srcs/sources_1/new/CLOCK.v:36]
INFO: [Synth 8-5818] HDL ADVISOR - The operator resource <adder> is shared. To prevent sharing consider applying a KEEP on the output of the operator [C:/Users/ZYZ/Desktop/CLOCK/CLOCK.srcs/sources_1/new/CLOCK.v:39]
INFO: [Synth 8-5818] HDL ADVISOR - The operator resource <adder> is shared. To prevent sharing consider applying a KEEP on the output of the operator [C:/Users/ZYZ/Desktop/CLOCK/CLOCK.srcs/sources_1/new/CLOCK.v:42]
INFO: [Synth 8-5818] HDL ADVISOR - The operator resource <adder> is shared. To prevent sharing consider applying a KEEP on the output of the operator [C:/Users/ZYZ/Desktop/CLOCK/CLOCK.srcs/sources_1/new/CLOCK.v:45]
INFO: [Synth 8-5544] ROM "jinwei" won't be mapped to Block RAM because address size (4) smaller than threshold (5)
INFO: [Synth 8-5544] ROM "s_1" won't be mapped to Block RAM because address size (4) smaller than threshold (5)
INFO: [Synth 8-5544] ROM "h_1" won't be mapped to Block RAM because address size (4) smaller than threshold (5)
INFO: [Synth 8-5544] ROM "alarm_m0" won't be mapped to Block RAM because address size (3) smaller than threshold (5)
INFO: [Synth 8-5544] ROM "alarm_m1" won't be mapped to Block RAM because address size (4) smaller than threshold (5)
INFO: [Synth 8-5544] ROM "alarm_h1" won't be mapped to Block RAM because address size (4) smaller than threshold (5)
INFO: [Synth 8-5544] ROM "pause_" won't be mapped to Block RAM because address size (3) smaller than threshold (5)
INFO: [Synth 8-5544] ROM "watch_s1" won't be mapped to Block RAM because address size (4) smaller than threshold (5)
INFO: [Synth 8-5544] ROM "one_min" won't be mapped to Block RAM because address size (4) smaller than threshold (5)
INFO: [Synth 8-5544] ROM "watch_m1" won't be mapped to Block RAM because address size (4) smaller than threshold (5)
INFO: [Synth 8-5545] ROM "jinwei" won't be mapped to RAM because address size (31) is larger than maximum supported(25)
INFO: [Synth 8-5544] ROM "jinwei" won't be mapped to Block RAM because address size (4) smaller than threshold (5)
INFO: [Synth 8-5544] ROM "jinwei" won't be mapped to Block RAM because address size (4) smaller than threshold (5)
---------------------------------------------------------------------------------
Finished RTL Optimization Phase 2 : Time (s): cpu = 00:00:26 ; elapsed = 00:01:00 . Memory (MB): peak = 609.082 ; gain = 398.996
---------------------------------------------------------------------------------

Report RTL Partitions: 
+-+--------------+------------+----------+
| |RTL Partition |Replication |Instances |
+-+--------------+------------+----------+
+-+--------------+------------+----------+
---------------------------------------------------------------------------------
Start RTL Component Statistics 
---------------------------------------------------------------------------------
Detailed RTL Component Info : 
+---Adders : 
	   2 Input     31 Bit       Adders := 2     
	   2 Input      4 Bit       Adders := 14    
	   2 Input      3 Bit       Adders := 1     
	   2 Input      1 Bit       Adders := 2     
+---Registers : 
	               31 Bit    Registers := 2     
	                4 Bit    Registers := 14    
	                3 Bit    Registers := 1     
	                1 Bit    Registers := 7     
+---Muxes : 
	   3 Input     31 Bit        Muxes := 1     
	   2 Input     31 Bit        Muxes := 2     
	   2 Input      4 Bit        Muxes := 24    
	   3 Input      4 Bit        Muxes := 1     
	   4 Input      4 Bit        Muxes := 8     
	   3 Input      2 Bit        Muxes := 1     
	   2 Input      1 Bit        Muxes := 14    
	   5 Input      1 Bit        Muxes := 2     
	   3 Input      1 Bit        Muxes := 6     
	   4 Input      1 Bit        Muxes := 1     
	   6 Input      1 Bit        Muxes := 1     
---------------------------------------------------------------------------------
Finished RTL Component Statistics 
---------------------------------------------------------------------------------
---------------------------------------------------------------------------------
Start RTL Hierarchical Component Statistics 
---------------------------------------------------------------------------------
Hierarchical RTL Component report 
Module Debounce 
Detailed RTL Component Info : 
+---Muxes : 
	   2 Input      1 Bit        Muxes := 5     
Module changemode 
Detailed RTL Component Info : 
+---Adders : 
	   2 Input      3 Bit       Adders := 1     
+---Registers : 
	                3 Bit    Registers := 1     
Module CLOCKZ 
Detailed RTL Component Info : 
+---Adders : 
	   2 Input     31 Bit       Adders := 1     
	   2 Input      4 Bit       Adders := 14    
	   2 Input      1 Bit       Adders := 2     
+---Registers : 
	               31 Bit    Registers := 1     
	                4 Bit    Registers := 14    
	                1 Bit    Registers := 7     
+---Muxes : 
	   3 Input     31 Bit        Muxes := 1     
	   2 Input     31 Bit        Muxes := 1     
	   2 Input      4 Bit        Muxes := 24    
	   3 Input      4 Bit        Muxes := 1     
	   4 Input      4 Bit        Muxes := 8     
	   3 Input      2 Bit        Muxes := 1     
	   5 Input      1 Bit        Muxes := 2     
	   2 Input      1 Bit        Muxes := 9     
	   3 Input      1 Bit        Muxes := 6     
	   4 Input      1 Bit        Muxes := 1     
	   6 Input      1 Bit        Muxes := 1     
Module display 
Detailed RTL Component Info : 
+---Adders : 
	   2 Input     31 Bit       Adders := 1     
+---Registers : 
	               31 Bit    Registers := 1     
+---Muxes : 
	   2 Input     31 Bit        Muxes := 1     
---------------------------------------------------------------------------------
Finished RTL Hierarchical Component Statistics
---------------------------------------------------------------------------------
---------------------------------------------------------------------------------
Start Part Resource Summary
---------------------------------------------------------------------------------
Part Resources:
DSPs: 90 (col length:60)
BRAMs: 100 (col length: RAMB18 60 RAMB36 30)
---------------------------------------------------------------------------------
Finished Part Resource Summary
---------------------------------------------------------------------------------
---------------------------------------------------------------------------------
Start Cross Boundary and Area Optimization
---------------------------------------------------------------------------------
INFO: [Synth 8-5545] ROM "U2/jinwei" won't be mapped to RAM because address size (31) is larger than maximum supported(25)
INFO: [Synth 8-5545] ROM "p_0_out" won't be mapped to RAM because address size (27) is larger than maximum supported(25)
---------------------------------------------------------------------------------
Finished Cross Boundary and Area Optimization : Time (s): cpu = 00:00:29 ; elapsed = 00:01:22 . Memory (MB): peak = 609.082 ; gain = 398.996
---------------------------------------------------------------------------------

Report RTL Partitions: 
+-+--------------+------------+----------+
| |RTL Partition |Replication |Instances |
+-+--------------+------------+----------+
+-+--------------+------------+----------+
---------------------------------------------------------------------------------
Start Timing Optimization
---------------------------------------------------------------------------------
---------------------------------------------------------------------------------
Start Applying XDC Timing Constraints
---------------------------------------------------------------------------------
---------------------------------------------------------------------------------
Finished Applying XDC Timing Constraints : Time (s): cpu = 00:00:44 ; elapsed = 00:01:41 . Memory (MB): peak = 609.082 ; gain = 398.996
---------------------------------------------------------------------------------
---------------------------------------------------------------------------------
Finished Timing Optimization : Time (s): cpu = 00:00:44 ; elapsed = 00:01:41 . Memory (MB): peak = 609.082 ; gain = 398.996
---------------------------------------------------------------------------------

Report RTL Partitions: 
+-+--------------+------------+----------+
| |RTL Partition |Replication |Instances |
+-+--------------+------------+----------+
+-+--------------+------------+----------+
---------------------------------------------------------------------------------
Start Technology Mapping
---------------------------------------------------------------------------------
---------------------------------------------------------------------------------
Finished Technology Mapping : Time (s): cpu = 00:00:44 ; elapsed = 00:01:42 . Memory (MB): peak = 609.082 ; gain = 398.996
---------------------------------------------------------------------------------

Report RTL Partitions: 
+-+--------------+------------+----------+
| |RTL Partition |Replication |Instances |
+-+--------------+------------+----------+
+-+--------------+------------+----------+
---------------------------------------------------------------------------------
Start IO Insertion
---------------------------------------------------------------------------------
---------------------------------------------------------------------------------
Start Flattening Before IO Insertion
---------------------------------------------------------------------------------
---------------------------------------------------------------------------------
Finished Flattening Before IO Insertion
---------------------------------------------------------------------------------
---------------------------------------------------------------------------------
Start Final Netlist Cleanup
---------------------------------------------------------------------------------
---------------------------------------------------------------------------------
Finished Final Netlist Cleanup
---------------------------------------------------------------------------------
---------------------------------------------------------------------------------
Finished IO Insertion : Time (s): cpu = 00:00:45 ; elapsed = 00:01:43 . Memory (MB): peak = 609.082 ; gain = 398.996
---------------------------------------------------------------------------------

Report Check Netlist: 
+------+------------------+-------+---------+-------+------------------+
|      |Item              |Errors |Warnings |Status |Description       |
+------+------------------+-------+---------+-------+------------------+
|1     |multi_driven_nets |      0|        0|Passed |Multi driven nets |
+------+------------------+-------+---------+-------+------------------+
---------------------------------------------------------------------------------
Start Renaming Generated Instances
---------------------------------------------------------------------------------
---------------------------------------------------------------------------------
Finished Renaming Generated Instances : Time (s): cpu = 00:00:45 ; elapsed = 00:01:44 . Memory (MB): peak = 609.082 ; gain = 398.996
---------------------------------------------------------------------------------

Report RTL Partitions: 
+-+--------------+------------+----------+
| |RTL Partition |Replication |Instances |
+-+--------------+------------+----------+
+-+--------------+------------+----------+
---------------------------------------------------------------------------------
Start Rebuilding User Hierarchy
---------------------------------------------------------------------------------
---------------------------------------------------------------------------------
Finished Rebuilding User Hierarchy : Time (s): cpu = 00:00:45 ; elapsed = 00:01:44 . Memory (MB): peak = 609.082 ; gain = 398.996
---------------------------------------------------------------------------------
---------------------------------------------------------------------------------
Start Renaming Generated Ports
---------------------------------------------------------------------------------
---------------------------------------------------------------------------------
Finished Renaming Generated Ports : Time (s): cpu = 00:00:45 ; elapsed = 00:01:44 . Memory (MB): peak = 609.082 ; gain = 398.996
---------------------------------------------------------------------------------
---------------------------------------------------------------------------------
Start Handling Custom Attributes
---------------------------------------------------------------------------------
---------------------------------------------------------------------------------
Finished Handling Custom Attributes : Time (s): cpu = 00:00:45 ; elapsed = 00:01:44 . Memory (MB): peak = 609.082 ; gain = 398.996
---------------------------------------------------------------------------------
---------------------------------------------------------------------------------
Start Renaming Generated Nets
---------------------------------------------------------------------------------
---------------------------------------------------------------------------------
Finished Renaming Generated Nets : Time (s): cpu = 00:00:45 ; elapsed = 00:01:44 . Memory (MB): peak = 609.082 ; gain = 398.996
---------------------------------------------------------------------------------
---------------------------------------------------------------------------------
Start Writing Synthesis Report
---------------------------------------------------------------------------------

Report BlackBoxes: 
+-+--------------+----------+
| |BlackBox name |Instances |
+-+--------------+----------+
+-+--------------+----------+

Report Cell Usage: 
+------+-------+------+
|      |Cell   |Count |
+------+-------+------+
|1     |BUFG   |     1|
|2     |CARRY4 |    36|
|3     |LUT1   |   150|
|4     |LUT2   |    90|
|5     |LUT3   |    18|
|6     |LUT4   |    99|
|7     |LUT5   |    57|
|8     |LUT6   |    46|
|9     |MUXF7  |     2|
|10    |MUXF8  |     1|
|11    |FDRE   |   208|
|12    |IBUF   |     6|
|13    |OBUF   |    18|
+------+-------+------+

Report Instance Areas: 
+------+---------+-----------+------+
|      |Instance |Module     |Cells |
+------+---------+-----------+------+
|1     |top      |           |   732|
|2     |  U1     |Debounce   |   308|
|3     |  U2     |CLOCKZ     |   302|
|4     |  U3     |display    |    82|
|5     |  U4     |changemode |    15|
+------+---------+-----------+------+
---------------------------------------------------------------------------------
Finished Writing Synthesis Report : Time (s): cpu = 00:00:45 ; elapsed = 00:01:44 . Memory (MB): peak = 609.082 ; gain = 398.996
---------------------------------------------------------------------------------
Synthesis finished with 0 errors, 0 critical warnings and 0 warnings.
Synthesis Optimization Runtime : Time (s): cpu = 00:00:25 ; elapsed = 00:01:07 . Memory (MB): peak = 609.082 ; gain = 102.738
Synthesis Optimization Complete : Time (s): cpu = 00:00:45 ; elapsed = 00:01:45 . Memory (MB): peak = 609.082 ; gain = 398.996
INFO: [Project 1-571] Translating synthesized netlist
INFO: [Netlist 29-17] Analyzing 42 Unisim elements for replacement
INFO: [Netlist 29-28] Unisim Transformation completed in 0 CPU seconds
INFO: [Project 1-570] Preparing netlist for logic optimization
INFO: [Opt 31-138] Pushed 0 inverter(s) to 0 load pin(s).
INFO: [Project 1-111] Unisim Transformation Summary:
No Unisim elements were transformed.

INFO: [Common 17-83] Releasing license: Synthesis
50 Infos, 1 Warnings, 0 Critical Warnings and 0 Errors encountered.
synth_design completed successfully
synth_design: Time (s): cpu = 00:00:44 ; elapsed = 00:01:42 . Memory (MB): peak = 609.082 ; gain = 398.996
INFO: [Common 17-1381] The checkpoint 'C:/Users/ZYZ/Desktop/CLOCK/CLOCK.runs/synth_1/CLOCK.dcp' has been generated.
write_checkpoint: Time (s): cpu = 00:00:00 ; elapsed = 00:00:06 . Memory (MB): peak = 609.082 ; gain = 0.000
report_utilization: Time (s): cpu = 00:00:00 ; elapsed = 00:00:05 . Memory (MB): peak = 609.082 ; gain = 0.000
report_utilization: Time (s): cpu = 00:00:00 ; elapsed = 00:00:06 . Memory (MB): peak = 609.082 ; gain = 0.000
INFO: [Common 17-206] Exiting Vivado at Tue Dec 27 00:27:57 2016...
