Running: D:\Xilinx\14.7\ISE_DS\ISE\bin\nt\unwrapped\fuse.exe -intstyle ise -incremental -lib unisims_ver -lib unimacro_ver -lib xilinxcorelib_ver -lib secureip -o D:/Xilinx/WorkSpace/CPU/1.9/VGA/VGA_TOP_test_isim_beh.exe -prj D:/Xilinx/WorkSpace/CPU/1.9/VGA/VGA_TOP_test_beh.prj work.VGA_TOP_test work.glbl 
ISim P.20131013 (signature 0x8ef4fb42)
Number of CPUs detected in this system: 4
Turning on mult-threading, number of parallel sub-compilation jobs: 8 
Determining compilation order of HDL files
WARNING:Simulator:1010 - One or more environment variables have been detected which affect the operation of the C compiler. These are typically not set in standard installations and are not tested by Xilinx, however they may be appropriate for your system, so the flow will attempt to continue.  If errors occur, try running fuse with the "-mt off -v 1" switches to see more information from the C compiler. The following environment variables have been detected:
Analyzing Verilog file "D:/Xilinx/WorkSpace/CPU/1.9/VGA/VGA_dis.v" into library work
Analyzing Verilog file "D:/Xilinx/WorkSpace/CPU/1.9/VGA/VGA.v" into library work
Analyzing Verilog file "D:/Xilinx/WorkSpace/CPU/1.9/VGA/divider.v" into library work
Analyzing Verilog file "D:/Xilinx/WorkSpace/CPU/1.9/VGA/dis_shake.v" into library work
Analyzing Verilog file "D:/Xilinx/WorkSpace/CPU/1.9/VGA/data.v" into library work
Analyzing Verilog file "D:/Xilinx/WorkSpace/CPU/1.9/VGA/VGA_TOP.v" into library work
Analyzing Verilog file "D:/Xilinx/WorkSpace/CPU/1.9/VGA/VGA_TOP_test.v" into library work
Analyzing Verilog file "D:/Xilinx/14.7/ISE_DS/ISE//verilog/src/glbl.v" into library work
Starting static elaboration
Completed static elaboration
Fuse Memory Usage: 98396 KB
Fuse CPU Usage: 249 ms
Compiling module divider
Compiling module VGA
Compiling module VGA_dis
Compiling module dis_shake
Compiling module data
Compiling module VGA_TOP
Compiling module VGA_TOP_test
Compiling module glbl
Time Resolution for simulation is 1ps.
Waiting for 1 sub-compilation(s) to finish...
Compiled 8 Verilog Units
Built simulation executable D:/Xilinx/WorkSpace/CPU/1.9/VGA/VGA_TOP_test_isim_beh.exe
Fuse Memory Usage: 106608 KB
Fuse CPU Usage: 375 ms
