Release 12.3 - xst M.70d (nt)
Copyright (c) 1995-2010 Xilinx, Inc.  All rights reserved.
--> Parameter TMPDIR set to xst/projnav.tmp


Total REAL time to Xst completion: 0.00 secs
Total CPU time to Xst completion: 0.06 secs
 
--> Parameter xsthdpdir set to xst


Total REAL time to Xst completion: 0.00 secs
Total CPU time to Xst completion: 0.06 secs
 
--> Reading design: VGA.prj

TABLE OF CONTENTS
  1) Synthesis Options Summary
  2) HDL Parsing
  3) HDL Elaboration
  4) HDL Synthesis
       4.1) HDL Synthesis Report
  5) Advanced HDL Synthesis
       5.1) Advanced HDL Synthesis Report
  6) Low Level Synthesis
  7) Partition Report
  8) Design Summary
       8.1) Primitive and Black Box Usage
       8.2) Device utilization summary
       8.3) Partition Resource Summary
       8.4) Timing Report
            8.4.1) Clock Information
            8.4.2) Asynchronous Control Signals Information
            8.4.3) Timing Summary
            8.4.4) Timing Details
            8.4.5) Cross Clock Domains Report


=========================================================================
*                      Synthesis Options Summary                        *
=========================================================================
---- Source Parameters
Input File Name                    : "VGA.prj"
Input Format                       : mixed
Ignore Synthesis Constraint File   : NO

---- Target Parameters
Output File Name                   : "VGA"
Output Format                      : NGC
Target Device                      : xc6slx16-3-csg324

---- Source Options
Top Module Name                    : VGA
Automatic FSM Extraction           : YES
FSM Encoding Algorithm             : Auto
Safe Implementation                : No
FSM Style                          : LUT
RAM Extraction                     : Yes
RAM Style                          : Auto
ROM Extraction                     : Yes
Shift Register Extraction          : YES
ROM Style                          : Auto
Resource Sharing                   : YES
Asynchronous To Synchronous        : NO
Shift Register Minimum Size        : 2
Use DSP Block                      : Auto
Automatic Register Balancing       : No

---- Target Options
LUT Combining                      : Auto
Reduce Control Sets                : Auto
Add IO Buffers                     : YES
Global Maximum Fanout              : 100000
Add Generic Clock Buffer(BUFG)     : 16
Register Duplication               : YES
Optimize Instantiated Primitives   : NO
Use Clock Enable                   : Auto
Use Synchronous Set                : Auto
Use Synchronous Reset              : Auto
Pack IO Registers into IOBs        : Auto
Equivalent register Removal        : YES

---- General Options
Optimization Goal                  : Speed
Optimization Effort                : 1
Power Reduction                    : NO
Keep Hierarchy                     : No
Netlist Hierarchy                  : As_Optimized
RTL Output                         : Yes
Global Optimization                : AllClockNets
Read Cores                         : YES
Write Timing Constraints           : NO
Cross Clock Analysis               : NO
Hierarchy Separator                : /
Bus Delimiter                      : <>
Case Specifier                     : Maintain
Slice Utilization Ratio            : 100
BRAM Utilization Ratio             : 100
DSP48 Utilization Ratio            : 100
Auto BRAM Packing                  : NO
Slice Utilization Ratio Delta      : 5

=========================================================================


=========================================================================
*                          HDL Parsing                                  *
=========================================================================
Analyzing Verilog file \"\VGA\VGA.v\" into library work
Parsing module <VGA>.

=========================================================================
*                            HDL Elaboration                            *
=========================================================================

Elaborating module <VGA>.
WARNING:HDLCompiler:413 - "\VGA\VGA.v" Line 33: Result of 11-bit expression is truncated to fit in 10-bit target.
WARNING:HDLCompiler:413 - "\VGA\VGA.v" Line 39: Result of 11-bit expression is truncated to fit in 10-bit target.

=========================================================================
*                           HDL Synthesis                               *
=========================================================================

Synthesizing Unit <VGA>.
    Related source file is "/vga/vga.v".
    Found 10-bit register for signal <count_v>.
    Found 10-bit register for signal <count_h>.
    Found 10-bit adder for signal <count_h[9]_GND_1_o_add_1_OUT> created at line 33.
    Found 10-bit adder for signal <count_v[9]_GND_1_o_add_6_OUT> created at line 39.
    Found 10-bit comparator lessequal for signal <n0008> created at line 43
    Found 10-bit comparator lessequal for signal <n0010> created at line 45
    Found 10-bit comparator greater for signal <GND_1_o_count_v[9]_LessThan_13_o> created at line 48
    Found 10-bit comparator lessequal for signal <n0013> created at line 48
    Found 10-bit comparator greater for signal <GND_1_o_count_h[9]_LessThan_15_o> created at line 48
    Found 10-bit comparator lessequal for signal <n0018> created at line 48
    Found 10-bit comparator greater for signal <GND_1_o_count_h[9]_LessThan_17_o> created at line 51
    Found 10-bit comparator greater for signal <n0022> created at line 51
    Found 10-bit comparator greater for signal <n0026> created at line 52
    Found 10-bit comparator lessequal for signal <n0030> created at line 53
    Found 10-bit comparator greater for signal <GND_1_o_count_v[9]_LessThan_26_o> created at line 58
    Found 10-bit comparator greater for signal <n0037> created at line 58
    Found 10-bit comparator greater for signal <n0041> created at line 59
    Found 10-bit comparator lessequal for signal <n0045> created at line 60
    Summary:
	inferred   2 Adder/Subtractor(s).
	inferred  20 D-type flip-flop(s).
	inferred  14 Comparator(s).
	inferred   6 Multiplexer(s).
Unit <VGA> synthesized.

=========================================================================
HDL Synthesis Report

Macro Statistics
# Adders/Subtractors                                   : 2
 10-bit adder                                          : 2
# Registers                                            : 2
 10-bit register                                       : 2
# Comparators                                          : 14
 10-bit comparator greater                             : 8
 10-bit comparator lessequal                           : 6
# Multiplexers                                         : 6
 10-bit 2-to-1 multiplexer                             : 2
 2-bit 2-to-1 multiplexer                              : 4

=========================================================================

=========================================================================
*                       Advanced HDL Synthesis                          *
=========================================================================


Synthesizing (advanced) Unit <VGA>.
The following registers are absorbed into counter <count_h>: 1 register on signal <count_h>.
The following registers are absorbed into counter <count_v>: 1 register on signal <count_v>.
Unit <VGA> synthesized (advanced).

=========================================================================
Advanced HDL Synthesis Report

Macro Statistics
# Counters                                             : 2
 10-bit up counter                                     : 2
# Comparators                                          : 14
 10-bit comparator greater                             : 8
 10-bit comparator lessequal                           : 6
# Multiplexers                                         : 4
 2-bit 2-to-1 multiplexer                              : 4

=========================================================================

=========================================================================
*                         Low Level Synthesis                           *
=========================================================================

Optimizing unit <VGA> ...

Mapping all equations...
Building and optimizing final netlist ...
Found area constraint ratio of 100 (+ 5) on block VGA, actual ratio is 0.

Final Macro Processing ...

=========================================================================
Final Register Report

Macro Statistics
# Registers                                            : 20
 Flip-Flops                                            : 20

=========================================================================

=========================================================================
*                           Partition Report                            *
=========================================================================

Partition Implementation Status
-------------------------------

  No Partitions were found in this design.

-------------------------------

=========================================================================
*                            Design Summary                             *
=========================================================================

Top Level Output File Name         : VGA.ngc

Primitive and Black Box Usage:
------------------------------
# BELS                             : 99
#      GND                         : 1
#      LUT1                        : 14
#      LUT2                        : 2
#      LUT3                        : 7
#      LUT4                        : 2
#      LUT5                        : 13
#      LUT6                        : 22
#      MUXCY                       : 18
#      XORCY                       : 20
# FlipFlops/Latches                : 20
#      FDC                         : 10
#      FDCE                        : 10
# Clock Buffers                    : 1
#      BUFGP                       : 1
# IO Buffers                       : 28
#      IBUF                        : 1
#      OBUF                        : 27

Device utilization summary:
---------------------------

Selected Device : 6slx16csg324-3 


Slice Logic Utilization: 
 Number of Slice Registers:              20  out of  18224     0%  
 Number of Slice LUTs:                   60  out of   9112     0%  
    Number used as Logic:                60  out of   9112     0%  

Slice Logic Distribution: 
 Number of LUT Flip Flop pairs used:     60
   Number with an unused Flip Flop:      40  out of     60    66%  
   Number with an unused LUT:             0  out of     60     0%  
   Number of fully used LUT-FF pairs:    20  out of     60    33%  
   Number of unique control sets:         2

IO Utilization: 
 Number of IOs:                          29
 Number of bonded IOBs:                  29  out of    232    12%  

Specific Feature Utilization:
 Number of BUFG/BUFGCTRLs:                1  out of     16     6%  

---------------------------
Partition Resource Summary:
---------------------------

  No Partitions were found in this design.

---------------------------


=========================================================================
Timing Report

NOTE: THESE TIMING NUMBERS ARE ONLY A SYNTHESIS ESTIMATE.
      FOR ACCURATE TIMING INFORMATION PLEASE REFER TO THE TRACE REPORT
      GENERATED AFTER PLACE-and-ROUTE.

Clock Information:
------------------
-----------------------------------+------------------------+-------+
Clock Signal                       | Clock buffer(FF name)  | Load  |
-----------------------------------+------------------------+-------+
clk                                | BUFGP                  | 20    |
-----------------------------------+------------------------+-------+

Asynchronous Control Signals Information:
----------------------------------------
No asynchronous control signals found in this design

Timing Summary:
---------------
Speed Grade: -3

   Minimum period: 4.952ns (Maximum Frequency: 201.935MHz)
   Minimum input arrival time before clock: 2.779ns
   Maximum output required time after clock: 9.107ns
   Maximum combinational path delay: No path found

Timing Details:
---------------
All values displayed in nanoseconds (ns)

=========================================================================
Timing constraint: Default period analysis for Clock 'clk'
  Clock period: 4.952ns (frequency: 201.935MHz)
  Total number of paths / destination ports: 744 / 30
-------------------------------------------------------------------------
Delay:               4.952ns (Levels of Logic = 3)
  Source:            count_h_3 (FF)
  Destination:       count_v_0 (FF)
  Source Clock:      clk rising
  Destination Clock: clk rising

  Data Path: count_h_3 to count_v_0
                                Gate     Net
    Cell:in->out      fanout   Delay   Delay  Logical Name (Net Name)
    ----------------------------------------  ------------
     FDC:C->Q              8   0.525   1.079  count_h_3 (count_h_3)
     LUT4:I0->O            6   0.254   0.745  count_h[9]_PWR_1_o_equal_1_o<9>11 (N23)
     LUT6:I5->O            1   0.254   0.688  count_h[9]_PWR_1_o_equal_1_o<9> (count_h[9]_PWR_1_o_equal_1_o)
     LUT2:I0->O           10   0.250   0.856  _n0074_inv1 (_n0074_inv)
     FDCE:CE                   0.302          count_v_0
    ----------------------------------------
    Total                      4.952ns (1.585ns logic, 3.367ns route)
                                       (32.0% logic, 68.0% route)

=========================================================================
Timing constraint: Default OFFSET IN BEFORE for Clock 'clk'
  Total number of paths / destination ports: 20 / 20
-------------------------------------------------------------------------
Offset:              2.779ns (Levels of Logic = 1)
  Source:            clr (PAD)
  Destination:       count_h_0 (FF)
  Destination Clock: clk rising

  Data Path: clr to count_h_0
                                Gate     Net
    Cell:in->out      fanout   Delay   Delay  Logical Name (Net Name)
    ----------------------------------------  ------------
     IBUF:I->O            20   1.228   1.092  clr_IBUF (clr_IBUF)
     FDC:CLR                   0.459          count_h_0
    ----------------------------------------
    Total                      2.779ns (1.687ns logic, 1.092ns route)
                                       (60.7% logic, 39.3% route)

=========================================================================
Timing constraint: Default OFFSET OUT AFTER for Clock 'clk'
  Total number of paths / destination ports: 220 / 27
-------------------------------------------------------------------------
Offset:              9.107ns (Levels of Logic = 5)
  Source:            count_v_3 (FF)
  Destination:       num_v<1> (PAD)
  Source Clock:      clk rising

  Data Path: count_v_3 to num_v<1>
                                Gate     Net
    Cell:in->out      fanout   Delay   Delay  Logical Name (Net Name)
    ----------------------------------------  ------------
     FDCE:C->Q            13   0.525   1.363  count_v_3 (count_v_3)
     LUT6:I1->O            1   0.254   0.808  n003711 (n00371)
     LUT5:I2->O            2   0.235   1.047  n003712 (n0037)
     LUT5:I0->O            2   0.254   1.072  GND_1_o_count_v[9]_AND_7_o1 (GND_1_o_count_v[9]_AND_7_o)
     LUT6:I0->O            1   0.254   0.579  Mmux_num_v14 (num_v_0_OBUF)
     OBUF:I->O                 2.715          num_v_0_OBUF (num_v<0>)
    ----------------------------------------
    Total                      9.107ns (4.237ns logic, 4.870ns route)
                                       (46.5% logic, 53.5% route)

=========================================================================

Cross Clock Domains Report:
--------------------------

Clock to Setup on destination clock clk
---------------+---------+---------+---------+---------+
               | Src:Rise| Src:Fall| Src:Rise| Src:Fall|
Source Clock   |Dest:Rise|Dest:Rise|Dest:Fall|Dest:Fall|
---------------+---------+---------+---------+---------+
clk            |    4.952|         |         |         |
---------------+---------+---------+---------+---------+

=========================================================================


Total REAL time to Xst completion: 3.00 secs
Total CPU time to Xst completion: 2.55 secs
 
--> 

Total memory usage is 145700 kilobytes

Number of errors   :    0 (   0 filtered)
Number of warnings :    2 (   0 filtered)
Number of infos    :    0 (   0 filtered)

