Release 12.3 - xst M.70d (nt)
Copyright (c) 1995-2010 Xilinx, Inc.  All rights reserved.
--> Parameter TMPDIR set to xst/projnav.tmp


Total REAL time to Xst completion: 0.00 secs
Total CPU time to Xst completion: 0.05 secs
 
--> Parameter xsthdpdir set to xst


Total REAL time to Xst completion: 0.00 secs
Total CPU time to Xst completion: 0.05 secs
 
--> Reading design: VGA_dis.prj

TABLE OF CONTENTS
  1) Synthesis Options Summary
  2) HDL Parsing
  3) HDL Elaboration
  4) HDL Synthesis
       4.1) HDL Synthesis Report
  5) Advanced HDL Synthesis
       5.1) Advanced HDL Synthesis Report
  6) Low Level Synthesis
  7) Partition Report
  8) Design Summary
       8.1) Primitive and Black Box Usage
       8.2) Device utilization summary
       8.3) Partition Resource Summary
       8.4) Timing Report
            8.4.1) Clock Information
            8.4.2) Asynchronous Control Signals Information
            8.4.3) Timing Summary
            8.4.4) Timing Details
            8.4.5) Cross Clock Domains Report


=========================================================================
*                      Synthesis Options Summary                        *
=========================================================================
---- Source Parameters
Input File Name                    : "VGA_dis.prj"
Input Format                       : mixed
Ignore Synthesis Constraint File   : NO

---- Target Parameters
Output File Name                   : "VGA_dis"
Output Format                      : NGC
Target Device                      : xc6slx16-3-csg324

---- Source Options
Top Module Name                    : VGA_dis
Automatic FSM Extraction           : YES
FSM Encoding Algorithm             : Auto
Safe Implementation                : No
FSM Style                          : LUT
RAM Extraction                     : Yes
RAM Style                          : Auto
ROM Extraction                     : Yes
Shift Register Extraction          : YES
ROM Style                          : Auto
Resource Sharing                   : YES
Asynchronous To Synchronous        : NO
Shift Register Minimum Size        : 2
Use DSP Block                      : Auto
Automatic Register Balancing       : No

---- Target Options
LUT Combining                      : Auto
Reduce Control Sets                : Auto
Add IO Buffers                     : YES
Global Maximum Fanout              : 100000
Add Generic Clock Buffer(BUFG)     : 16
Register Duplication               : YES
Optimize Instantiated Primitives   : NO
Use Clock Enable                   : Auto
Use Synchronous Set                : Auto
Use Synchronous Reset              : Auto
Pack IO Registers into IOBs        : Auto
Equivalent register Removal        : YES

---- General Options
Optimization Goal                  : Speed
Optimization Effort                : 1
Power Reduction                    : NO
Keep Hierarchy                     : No
Netlist Hierarchy                  : As_Optimized
RTL Output                         : Yes
Global Optimization                : AllClockNets
Read Cores                         : YES
Write Timing Constraints           : NO
Cross Clock Analysis               : NO
Hierarchy Separator                : /
Bus Delimiter                      : <>
Case Specifier                     : Maintain
Slice Utilization Ratio            : 100
BRAM Utilization Ratio             : 100
DSP48 Utilization Ratio            : 100
Auto BRAM Packing                  : NO
Slice Utilization Ratio Delta      : 5

=========================================================================


=========================================================================
*                          HDL Parsing                                  *
=========================================================================
Analyzing Verilog file \"\VGA\VGA_dis.v\" into library work
Parsing module <VGA_dis>.

=========================================================================
*                            HDL Elaboration                            *
=========================================================================

Elaborating module <VGA_dis>.
WARNING:HDLCompiler:413 - "\VGA\VGA_dis.v" Line 59: Result of 5-bit expression is truncated to fit in 4-bit target.

=========================================================================
*                           HDL Synthesis                               *
=========================================================================

Synthesizing Unit <VGA_dis>.
    Related source file is "/vga/vga_dis.v".
    Found 4-bit adder for signal <out_data> created at line 59.
    Found 10-bit comparator greater for signal <GND_1_o_count_h[9]_LessThan_18_o> created at line 62
    Found 10-bit comparator lessequal for signal <n0026> created at line 62
    Found 10-bit comparator greater for signal <PWR_1_o_count_h[9]_LessThan_20_o> created at line 63
    Found 10-bit comparator lessequal for signal <n0030> created at line 63
    Found 10-bit comparator greater for signal <GND_1_o_count_v[9]_LessThan_22_o> created at line 64
    Found 10-bit comparator lessequal for signal <n0035> created at line 64
    Found 10-bit comparator greater for signal <GND_1_o_count_v[9]_LessThan_24_o> created at line 65
    Found 10-bit comparator lessequal for signal <n0040> created at line 65
    Found 10-bit comparator greater for signal <GND_1_o_count_h[9]_LessThan_26_o> created at line 66
    Found 10-bit comparator lessequal for signal <n0045> created at line 66
    Found 10-bit comparator greater for signal <GND_1_o_count_h[9]_LessThan_28_o> created at line 67
    Found 10-bit comparator lessequal for signal <n0050> created at line 67
    Found 10-bit comparator greater for signal <PWR_1_o_count_h[9]_LessThan_30_o> created at line 68
    Found 10-bit comparator lessequal for signal <n0055> created at line 68
    Found 10-bit comparator greater for signal <GND_1_o_count_v[9]_LessThan_32_o> created at line 69
    Found 10-bit comparator lessequal for signal <n0060> created at line 69
    Found 10-bit comparator greater for signal <GND_1_o_count_v[9]_LessThan_34_o> created at line 70
    Found 10-bit comparator lessequal for signal <n0065> created at line 70
    Found 10-bit comparator greater for signal <GND_1_o_count_v[9]_LessThan_36_o> created at line 71
    Found 10-bit comparator lessequal for signal <n0070> created at line 71
    Summary:
	inferred   1 Adder/Subtractor(s).
	inferred  20 Comparator(s).
	inferred   6 Multiplexer(s).
Unit <VGA_dis> synthesized.

=========================================================================
HDL Synthesis Report

Macro Statistics
# Adders/Subtractors                                   : 1
 4-bit adder                                           : 1
# Comparators                                          : 20
 10-bit comparator greater                             : 10
 10-bit comparator lessequal                           : 10
# Multiplexers                                         : 6
 2-bit 2-to-1 multiplexer                              : 2
 3-bit 2-to-1 multiplexer                              : 4

=========================================================================

=========================================================================
*                       Advanced HDL Synthesis                          *
=========================================================================


=========================================================================
Advanced HDL Synthesis Report

Macro Statistics
# Adders/Subtractors                                   : 1
 4-bit adder                                           : 1
# Comparators                                          : 20
 10-bit comparator greater                             : 10
 10-bit comparator lessequal                           : 10
# Multiplexers                                         : 6
 2-bit 2-to-1 multiplexer                              : 2
 3-bit 2-to-1 multiplexer                              : 4

=========================================================================

=========================================================================
*                         Low Level Synthesis                           *
=========================================================================

Optimizing unit <VGA_dis> ...

Mapping all equations...
Building and optimizing final netlist ...
Found area constraint ratio of 100 (+ 5) on block VGA_dis, actual ratio is 0.

Final Macro Processing ...

=========================================================================
Final Register Report

Found no macro
=========================================================================

=========================================================================
*                           Partition Report                            *
=========================================================================

Partition Implementation Status
-------------------------------

  No Partitions were found in this design.

-------------------------------

=========================================================================
*                            Design Summary                             *
=========================================================================

Top Level Output File Name         : VGA_dis.ngc

Primitive and Black Box Usage:
------------------------------
# BELS                             : 31
#      LUT3                        : 8
#      LUT4                        : 1
#      LUT5                        : 5
#      LUT6                        : 16
#      MUXF7                       : 1
# IO Buffers                       : 41
#      IBUF                        : 29
#      OBUF                        : 12

Device utilization summary:
---------------------------

Selected Device : 6slx16csg324-3 


Slice Logic Utilization: 
 Number of Slice LUTs:                   30  out of   9112     0%  
    Number used as Logic:                30  out of   9112     0%  

Slice Logic Distribution: 
 Number of LUT Flip Flop pairs used:     30
   Number with an unused Flip Flop:      30  out of     30   100%  
   Number with an unused LUT:             0  out of     30     0%  
   Number of fully used LUT-FF pairs:     0  out of     30     0%  
   Number of unique control sets:         0

IO Utilization: 
 Number of IOs:                          41
 Number of bonded IOBs:                  41  out of    232    17%  

Specific Feature Utilization:

---------------------------
Partition Resource Summary:
---------------------------

  No Partitions were found in this design.

---------------------------


=========================================================================
Timing Report

NOTE: THESE TIMING NUMBERS ARE ONLY A SYNTHESIS ESTIMATE.
      FOR ACCURATE TIMING INFORMATION PLEASE REFER TO THE TRACE REPORT
      GENERATED AFTER PLACE-and-ROUTE.

Clock Information:
------------------
No clock signals found in this design

Asynchronous Control Signals Information:
----------------------------------------
No asynchronous control signals found in this design

Timing Summary:
---------------
Speed Grade: -3

   Minimum period: No path found
   Minimum input arrival time before clock: No path found
   Maximum output required time after clock: No path found
   Maximum combinational path delay: 10.763ns

Timing Details:
---------------
All values displayed in nanoseconds (ns)

=========================================================================
Timing constraint: Default path analysis
  Total number of paths / destination ports: 868 / 12
-------------------------------------------------------------------------
Delay:               10.763ns (Levels of Logic = 7)
  Source:            count_v<2> (PAD)
  Destination:       red<1> (PAD)

  Data Path: count_v<2> to red<1>
                                Gate     Net
    Cell:in->out      fanout   Delay   Delay  Logical Name (Net Name)
    ----------------------------------------  ------------
     IBUF:I->O             4   1.228   0.912  count_v_2_IBUF (count_v_2_IBUF)
     LUT3:I0->O            2   0.235   1.047  GND_1_o_count_v[9]_LessThan_32_o21 (N8)
     LUT5:I0->O            1   0.254   0.808  GND_1_o_GND_1_o_OR_9_o11 (GND_1_o_GND_1_o_OR_9_o11)
     LUT5:I2->O            1   0.235   1.010  GND_1_o_GND_1_o_OR_9_o12 (GND_1_o_GND_1_o_OR_9_o12)
     LUT6:I1->O            8   0.254   1.233  GND_1_o_GND_1_o_OR_9_o16 (GND_1_o_GND_1_o_OR_9_o)
     LUT6:I1->O            1   0.254   0.579  Mmux_red11 (red_0_OBUF)
     OBUF:I->O                 2.715          red_0_OBUF (red<0>)
    ----------------------------------------
    Total                     10.763ns (5.175ns logic, 5.588ns route)
                                       (48.1% logic, 51.9% route)

=========================================================================

Cross Clock Domains Report:
--------------------------

=========================================================================


Total REAL time to Xst completion: 2.00 secs
Total CPU time to Xst completion: 2.47 secs
 
--> 

Total memory usage is 133092 kilobytes

Number of errors   :    0 (   0 filtered)
Number of warnings :    1 (   0 filtered)
Number of infos    :    0 (   0 filtered)

