Copyright 1986-2016 Xilinx, Inc. All Rights Reserved.
-------------------------------------------------------------------------------------------------------------------------------------
| Tool Version     : Vivado v.2016.3 (win64) Build 1682563 Mon Oct 10 19:07:27 MDT 2016
| Date             : Tue Dec 27 00:32:29 2016
| Host             : DESKTOP-3Q2SFCD running 64-bit major release  (build 9200)
| Command          : report_power -file CLOCK_power_routed.rpt -pb CLOCK_power_summary_routed.pb -rpx CLOCK_power_routed.rpx
| Design           : CLOCK
| Device           : xc7a35ticpg236-1L
| Design State     : routed
| Grade            : industrial
| Process          : typical
| Characterization : Advance
-------------------------------------------------------------------------------------------------------------------------------------

Power Report

Table of Contents
-----------------
1. Summary
1.1 On-Chip Components
1.2 Power Supply Summary
1.3 Confidence Level
2. Settings
2.1 Environment
2.2 Clock Constraints
3. Detailed Reports
3.1 By Hierarchy

1. Summary
----------

+--------------------------+--------+
| Total On-Chip Power (W)  | 36.572 |
| Dynamic (W)              | 36.242 |
| Device Static (W)        | 0.331  |
| Effective TJA (C/W)      | 5.0    |
| Max Ambient (C)          | 0.0    |
| Junction Temperature (C) | 125.0  |
| Confidence Level         | Low    |
| Setting File             | ---    |
| Simulation Activity File | ---    |
| Design Nets Matched      | NA     |
+--------------------------+--------+


1.1 On-Chip Components
----------------------

+----------------+-----------+----------+-----------+-----------------+
| On-Chip        | Power (W) | Used     | Available | Utilization (%) |
+----------------+-----------+----------+-----------+-----------------+
| Slice Logic    |     1.929 |      655 |       --- |             --- |
|   LUT as Logic |     1.656 |      282 |     20800 |            1.36 |
|   CARRY4       |     0.161 |       36 |      8150 |            0.44 |
|   Register     |     0.102 |      208 |     41600 |            0.50 |
|   BUFG         |     0.005 |        1 |        32 |            3.13 |
|   F7/F8 Muxes  |     0.004 |        3 |     32600 |           <0.01 |
|   Others       |     0.000 |        7 |       --- |             --- |
| Signals        |     1.628 |      429 |       --- |             --- |
| I/O            |    32.685 |       24 |       106 |           22.64 |
| Static Power   |     0.331 |          |           |                 |
| Total          |    36.572 |          |           |                 |
+----------------+-----------+----------+-----------+-----------------+


1.2 Power Supply Summary
------------------------

+-----------+-------------+-----------+-------------+------------+
| Source    | Voltage (V) | Total (A) | Dynamic (A) | Static (A) |
+-----------+-------------+-----------+-------------+------------+
| Vccint    |       0.950 |     3.980 |       3.768 |      0.211 |
| Vccaux    |       1.800 |     1.256 |       1.208 |      0.048 |
| Vcco33    |       3.300 |     9.178 |       9.177 |      0.001 |
| Vcco25    |       2.500 |     0.000 |       0.000 |      0.000 |
| Vcco18    |       1.800 |     0.114 |       0.113 |      0.001 |
| Vcco15    |       1.500 |     0.000 |       0.000 |      0.000 |
| Vcco135   |       1.350 |     0.000 |       0.000 |      0.000 |
| Vcco12    |       1.200 |     0.000 |       0.000 |      0.000 |
| Vccaux_io |       1.800 |     0.000 |       0.000 |      0.000 |
| Vccbram   |       0.950 |     0.006 |       0.000 |      0.006 |
| MGTAVcc   |       1.000 |     0.000 |       0.000 |      0.000 |
| MGTAVtt   |       1.200 |     0.000 |       0.000 |      0.000 |
| Vccadc    |       1.800 |     0.018 |       0.000 |      0.018 |
+-----------+-------------+-----------+-------------+------------+


1.3 Confidence Level
--------------------

+-----------------------------+------------+--------------------------------------------------------+--------------------------------------------------------------------------------------------------------------------+
| User Input Data             | Confidence | Details                                                | Action                                                                                                             |
+-----------------------------+------------+--------------------------------------------------------+--------------------------------------------------------------------------------------------------------------------+
| Design implementation state | High       | Design is routed                                       |                                                                                                                    |
| Clock nodes activity        | Low        | User specified less than 75% of clocks                 | Provide missing clock activity with a constraint file, simulation results or by editing the "By Clock Domain" view |
| I/O nodes activity          | Low        | More than 75% of inputs are missing user specification | Provide missing input activity with simulation results or by editing the "By Resource Type -> I/Os" view           |
| Internal nodes activity     | Medium     | User specified less than 25% of internal nodes         | Provide missing internal nodes activity with simulation results or by editing the "By Resource Type" views         |
| Device models               | Medium     | Device models are not Production                       | Device models may change and in turn slightly affect accuracy                                                      |
|                             |            |                                                        |                                                                                                                    |
| Overall confidence level    | Low        |                                                        |                                                                                                                    |
+-----------------------------+------------+--------------------------------------------------------+--------------------------------------------------------------------------------------------------------------------+


2. Settings
-----------

2.1 Environment
---------------

+-----------------------+--------------------------+
| Ambient Temp (C)      | 25.0                     |
| ThetaJA (C/W)         | 5.0                      |
| Airflow (LFM)         | 250                      |
| Heat Sink             | medium (Medium Profile)  |
| ThetaSA (C/W)         | 4.6                      |
| Board Selection       | medium (10"x10")         |
| # of Board Layers     | 12to15 (12 to 15 Layers) |
| Board Temperature (C) | 25.0                     |
+-----------------------+--------------------------+


2.2 Clock Constraints
---------------------

+-------+--------+-----------------+
| Clock | Domain | Constraint (ns) |
+-------+--------+-----------------+


3. Detailed Reports
-------------------

3.1 By Hierarchy
----------------

+-------+-----------+
| Name  | Power (W) |
+-------+-----------+
| CLOCK |    36.242 |
|   U1  |     1.456 |
|   U2  |     1.466 |
|   U3  |     0.175 |
|   U4  |     0.401 |
+-------+-----------+


